[H[2J[H[2J[H[2J[H[2J[H[2J[H[2J[H[2J[H[2J[H[2J[H[2J[H[2J[H[2J[H[2J[H[2J[H[2J[H[2J[H[2J[H[2J[H[2J[H[2J[H[2J[H[2J[H[2J
mon360 execution start at: 2020-08-18 19:11:35.998721

Getting CPU metric
    Complete: 0:00:00.000322
Getting MEM metric
    Complete: 0:00:00.000052
Getting LATENCY metric
    Complete: 0:00:00.248614
Getting DB_SESSIONS metric
    Complete: 0:00:00.162937
Payload successfully sent to InfluxDB server: 0:00:03.221310

mon360 execution complete: 0:00:09.182257

mon360 execution start at: 2020-08-18 19:12:15.183483

Getting CPU metric
    Complete: 0:00:00.000097
Getting MEM metric
    Complete: 0:00:00.000044
Getting LATENCY metric
    Complete: 0:00:00.266944
Getting DB_SESSIONS metric
    Complete: 0:00:00.536724
Payload successfully sent to InfluxDB server: 0:00:08.146370

mon360 execution complete: 0:00:10.672425

mon360 execution start at: 2020-08-18 19:12:55.861199

Getting CPU metric
    Complete: 0:00:00.000107
Getting MEM metric
    Complete: 0:00:00.000050
Getting LATENCY metric
    Complete: 0:00:00.249565
Getting DB_SESSIONS metric
    Complete: 0:00:00.151464
Payload successfully sent to InfluxDB server: 0:00:02.743724

mon360 execution complete: 0:00:04.531058

mon360 execution start at: 2020-08-18 19:13:30.390642

Getting CPU metric
    Complete: 0:00:00.000101
Getting MEM metric
    Complete: 0:00:00.000049
Getting LATENCY metric
    Complete: 0:00:00.298880
Getting DB_SESSIONS metric
    Complete: 0:00:00.152426
Payload successfully sent to InfluxDB server: 0:00:02.956652

mon360 execution complete: 0:00:04.844703

mon360 execution start at: 2020-08-18 19:14:05.235706

Getting CPU metric
    Complete: 0:00:00.000169
Getting MEM metric
    Complete: 0:00:00.000057
Getting LATENCY metric
    Complete: 0:00:00.211699
Getting DB_SESSIONS metric
    Complete: 0:00:00.153712
Payload successfully sent to InfluxDB server: 0:00:02.937049

mon360 execution complete: 0:00:04.941641

mon360 execution start at: 2020-08-18 19:14:40.182089

Getting CPU metric
    Complete: 0:00:00.000103
Getting MEM metric
    Complete: 0:00:00.000047
Getting LATENCY metric
    Complete: 0:00:00.220553
Getting DB_SESSIONS metric
    Complete: 0:00:00.151965
Payload successfully sent to InfluxDB server: 0:00:04.093264

mon360 execution complete: 0:00:05.870879

mon360 execution start at: 2020-08-18 19:15:16.054563

Getting CPU metric
    Complete: 0:00:00.000096
Getting MEM metric
    Complete: 0:00:00.000044
Getting LATENCY metric
    Complete: 0:00:01.233896
Getting DB_SESSIONS metric
    Complete: 0:00:00.152862
Payload successfully sent to InfluxDB server: 0:00:03.010309

mon360 execution complete: 0:00:05.807092

mon360 execution start at: 2020-08-18 19:15:51.866178

Getting CPU metric
    Complete: 0:00:00.000107
Getting MEM metric
    Complete: 0:00:00.000048
Getting LATENCY metric
    Complete: 0:00:00.218415
Getting DB_SESSIONS metric
    Complete: 0:00:00.150459
Payload successfully sent to InfluxDB server: 0:00:03.235689

mon360 execution complete: 0:00:05.316310

mon360 execution start at: 2020-08-18 19:16:27.186047

Getting CPU metric
    Complete: 0:00:00.000123
Getting MEM metric
    Complete: 0:00:00.000057
Getting LATENCY metric
    Complete: 0:00:00.227527
Getting DB_SESSIONS metric
    Complete: 0:00:00.183238
Payload successfully sent to InfluxDB server: 0:00:03.335008

mon360 execution complete: 0:00:05.409671

mon360 execution start at: 2020-08-18 19:17:02.597728

Getting CPU metric
    Complete: 0:00:00.000156
Getting MEM metric
    Complete: 0:00:00.000046
Getting LATENCY metric
    Complete: 0:00:00.221973
Getting DB_SESSIONS metric
    Complete: 0:00:00.151838
Payload successfully sent to InfluxDB server: 0:00:03.153481

mon360 execution complete: 0:00:04.910687

mon360 execution start at: 2020-08-18 19:17:37.515951

Getting CPU metric
    Complete: 0:00:00.000118
Getting MEM metric
    Complete: 0:00:00.000048
Getting LATENCY metric
    Complete: 0:00:00.248518
Getting DB_SESSIONS metric
    Complete: 0:00:00.154839
Payload successfully sent to InfluxDB server: 0:00:02.719514

mon360 execution complete: 0:00:07.499911

mon360 execution start at: 2020-08-18 19:18:15.013282

Getting CPU metric
    Complete: 0:00:00.000087
Getting MEM metric
    Complete: 0:00:00.000039
Getting LATENCY metric
    Complete: 0:00:00.215620
Getting DB_SESSIONS metric
    Complete: 0:00:00.152781
Payload successfully sent to InfluxDB server: 0:00:03.321655

mon360 execution complete: 0:00:05.292890

mon360 execution start at: 2020-08-18 19:18:50.307459

Getting CPU metric
    Complete: 0:00:00.000117
Getting MEM metric
    Complete: 0:00:00.000051
Getting LATENCY metric
    Complete: 0:00:00.216087
Getting DB_SESSIONS metric
    Complete: 0:00:00.274747
Payload successfully sent to InfluxDB server: 0:00:03.071100

mon360 execution complete: 0:00:05.037067

mon360 execution start at: 2020-08-18 19:19:25.349487

Getting CPU metric
    Complete: 0:00:00.000115
Getting MEM metric
    Complete: 0:00:00.000046
Getting LATENCY metric
    Complete: 0:00:00.289590
Getting DB_SESSIONS metric
    Complete: 0:00:00.162824
Payload successfully sent to InfluxDB server: 0:00:03.131779

mon360 execution complete: 0:00:05.224232

mon360 execution start at: 2020-08-18 19:20:00.574076

Getting CPU metric
    Complete: 0:00:00.000105
Getting MEM metric
    Complete: 0:00:00.000048
Getting LATENCY metric
    Complete: 0:00:00.223395
Getting DB_SESSIONS metric
    Complete: 0:00:00.150597
Payload successfully sent to InfluxDB server: 0:00:02.815086

mon360 execution complete: 0:00:04.883421

mon360 execution start at: 2020-08-18 19:20:35.456611

Getting CPU metric
    Complete: 0:00:00.000113
Getting MEM metric
    Complete: 0:00:00.000047
Getting LATENCY metric
    Complete: 0:00:00.215905
Getting DB_SESSIONS metric
    Complete: 0:00:00.152506
Payload successfully sent to InfluxDB server: 0:00:02.919979

mon360 execution complete: 0:00:05.073162

mon360 execution start at: 2020-08-18 19:21:10.531063

Getting CPU metric
    Complete: 0:00:00.000097
Getting MEM metric
    Complete: 0:00:00.000044
Getting LATENCY metric
    Complete: 0:00:00.225102
Getting DB_SESSIONS metric
    Complete: 0:00:00.152151
Payload successfully sent to InfluxDB server: 0:00:03.173416

mon360 execution complete: 0:00:06.729383

mon360 execution start at: 2020-08-18 19:21:47.263525

Getting CPU metric
    Complete: 0:00:00.000163
Getting MEM metric
    Complete: 0:00:00.000080
Getting LATENCY metric
    Complete: 0:00:00.226407
Getting DB_SESSIONS metric
    Complete: 0:00:00.246501
Payload successfully sent to InfluxDB server: 0:00:02.892731

mon360 execution complete: 0:00:04.851931

mon360 execution start at: 2020-08-18 19:22:22.114479

Getting CPU metric
    Complete: 0:00:00.000096
Getting MEM metric
    Complete: 0:00:00.000046
Getting LATENCY metric
    Complete: 0:00:00.727636
Getting DB_SESSIONS metric
    Complete: 0:00:00.150773
Payload successfully sent to InfluxDB server: 0:00:02.960662

mon360 execution complete: 0:00:05.405070

mon360 execution start at: 2020-08-18 19:22:57.520772

Getting CPU metric
    Complete: 0:00:00.000124
Getting MEM metric
    Complete: 0:00:00.000067
Getting LATENCY metric
    Complete: 0:00:00.226021
Getting DB_SESSIONS metric
    Complete: 0:00:00.149842
Payload successfully sent to InfluxDB server: 0:00:03.088177

mon360 execution complete: 0:00:05.302260

mon360 execution start at: 2020-08-18 19:23:32.826240

Getting CPU metric
    Complete: 0:00:00.000132
Getting MEM metric
    Complete: 0:00:00.000066
Getting LATENCY metric
    Complete: 0:00:00.243069
Getting DB_SESSIONS metric
    Complete: 0:00:00.153384
Payload successfully sent to InfluxDB server: 0:00:03.040998

mon360 execution complete: 0:00:04.872821

mon360 execution start at: 2020-08-18 19:24:07.704216

Getting CPU metric
    Complete: 0:00:00.000096
Getting MEM metric
    Complete: 0:00:00.000045
Getting LATENCY metric
    Complete: 0:00:00.429696
Getting DB_SESSIONS metric
    Complete: 0:00:00.157276
Payload successfully sent to InfluxDB server: 0:00:03.083102

mon360 execution complete: 0:00:05.427045

mon360 execution start at: 2020-08-18 19:24:43.134832

Getting CPU metric
    Complete: 0:00:00.000096
Getting MEM metric
    Complete: 0:00:00.000046
Getting LATENCY metric
    Complete: 0:00:00.229816[H[2J[H[2J[H[2J[H[2J[H[2J[H[2J[H[2J[H[2J[H[2J[H[2J[H[2J[H[2J[H[2J[H[2J[H[2J[H[2J[H[2J[H[2J[H[2J[H[2J[H[2J[H[2J
Getting DB_SESSIONS metric
    Complete: 0:00:00.151954
Payload successfully sent to InfluxDB server: 0:00:03.826105

mon360 execution complete: 0:00:05.952841

mon360 execution start at: 2020-08-18 19:25:19.090061

Getting CPU metric
    Complete: 0:00:00.000111
Getting MEM metric
    Complete: 0:00:00.000052
Getting LATENCY metric
    Complete: 0:00:00.226933
Getting DB_SESSIONS metric
    Complete: 0:00:00.160566
Payload successfully sent to InfluxDB server: 0:00:03.201663

mon360 execution complete: 0:00:05.156893

mon360 execution start at: 2020-08-18 19:25:54.253832

Getting CPU metric
    Complete: 0:00:00.000094
Getting MEM metric
    Complete: 0:00:00.000043
Getting LATENCY metric
    Complete: 0:00:00.224901
Getting DB_SESSIONS metric
    Complete: 0:00:00.155974
Payload successfully sent to InfluxDB server: 0:00:03.247660

mon360 execution complete: 0:00:05.444772

mon360 execution start at: 2020-08-18 19:26:29.706010

Getting CPU metric
    Complete: 0:00:00.000119
Getting MEM metric
    Complete: 0:00:00.000061
Getting LATENCY metric
    Complete: 0:00:00.231197
Getting DB_SESSIONS metric
    Complete: 0:00:00.151417
Payload successfully sent to InfluxDB server: 0:00:03.168885

mon360 execution complete: 0:00:05.013742

mon360 execution start at: 2020-08-18 19:27:04.721698

Getting CPU metric
    Complete: 0:00:00.000106
Getting MEM metric
    Complete: 0:00:00.000048
Getting LATENCY metric
    Complete: 0:00:00.226996
Getting DB_SESSIONS metric
    Complete: 0:00:00.269729
Payload successfully sent to InfluxDB server: 0:00:03.146169

mon360 execution complete: 0:00:05.205164

mon360 execution start at: 2020-08-18 19:27:39.930159

Getting CPU metric
    Complete: 0:00:00.000124
Getting MEM metric
    Complete: 0:00:00.000064
Getting LATENCY metric
    Complete: 0:00:00.382736
Getting DB_SESSIONS metric
    Complete: 0:00:00.159175
Payload successfully sent to InfluxDB server: 0:00:03.278700

mon360 execution complete: 0:00:05.314035

mon360 execution start at: 2020-08-18 19:28:15.245581

Getting CPU metric
    Complete: 0:00:00.000125
Getting MEM metric
    Complete: 0:00:00.000059
Getting LATENCY metric
    Complete: 0:00:00.215940
Getting DB_SESSIONS metric
    Complete: 0:00:00.149686
Payload successfully sent to InfluxDB server: 0:00:03.334746

mon360 execution complete: 0:00:05.162020

mon360 execution start at: 2020-08-18 19:28:50.410376

Getting CPU metric
    Complete: 0:00:00.000103
Getting MEM metric
    Complete: 0:00:00.000048
Getting LATENCY metric
    Complete: 0:00:00.226207
Getting DB_SESSIONS metric
    Complete: 0:00:00.153607
Payload successfully sent to InfluxDB server: 0:00:02.971670

mon360 execution complete: 0:00:06.856274

mon360 execution start at: 2020-08-18 19:29:27.268326

Getting CPU metric
    Complete: 0:00:00.000109
Getting MEM metric
    Complete: 0:00:00.000045
Getting LATENCY metric
    Complete: 0:00:00.380919
Getting DB_SESSIONS metric
    Complete: 0:00:00.176993
Payload successfully sent to InfluxDB server: 0:00:02.988748

mon360 execution complete: 0:00:05.051566

mon360 execution start at: 2020-08-18 19:30:02.323589

Getting CPU metric
    Complete: 0:00:00.000120
Getting MEM metric
    Complete: 0:00:00.000087
Getting LATENCY metric
    Complete: 0:00:00.223576
Getting DISK metric
    Complete: 0:00:00.001363
Getting DB_SESSIONS metric
    Complete: 0:00:00.150626
Getting DB_SIZE metric
    Complete: 0:00:01.557316
Getting DB_TBSSIZE metric
    Complete: 0:00:43.848283
Payload successfully sent to InfluxDB server: 0:00:03.293490

mon360 execution complete: 0:00:51.118446

mon360 execution start at: 2020-08-18 19:31:23.444365

Getting CPU metric
    Complete: 0:00:00.000103
Getting MEM metric
    Complete: 0:00:00.000043
Getting LATENCY metric
    Complete: 0:00:00.222048
Getting DB_SESSIONS metric
    Complete: 0:00:00.154045
Payload successfully sent to InfluxDB server: 0:00:02.981310

mon360 execution complete: 0:00:04.860209

mon360 execution start at: 2020-08-18 19:31:58.308344

Getting CPU metric
    Complete: 0:00:00.000105
Getting MEM metric
    Complete: 0:00:00.000046
Getting LATENCY metric
    Complete: 0:00:00.224462
Getting DB_SESSIONS metric
    Complete: 0:00:00.158872
Payload successfully sent to InfluxDB server: 0:00:04.019469

mon360 execution complete: 0:00:08.179153

mon360 execution start at: 2020-08-18 19:32:36.495490

Getting CPU metric
    Complete: 0:00:00.000106
Getting MEM metric
    Complete: 0:00:00.000048
Getting LATENCY metric
    Complete: 0:00:00.222869
Getting DB_SESSIONS metric
    Complete: 0:00:00.158171
Payload successfully sent to InfluxDB server: 0:00:03.015882

mon360 execution complete: 0:00:05.845822

mon360 execution start at: 2020-08-18 19:33:12.348428

Getting CPU metric
    Complete: 0:00:00.000634
Getting MEM metric
    Complete: 0:00:00.000087
Getting LATENCY metric
    Complete: 0:00:00.246534
Getting DB_SESSIONS metric
    Complete: 0:00:00.150405
Payload successfully sent to InfluxDB server: 0:00:02.884605

mon360 execution complete: 0:00:04.884475

mon360 execution start at: 2020-08-18 19:33:47.236788

Getting CPU metric
    Complete: 0:00:00.000096
Getting MEM metric
    Complete: 0:00:00.000047
Getting LATENCY metric
    Complete: 0:00:00.225945
Getting DB_SESSIONS metric
    Complete: 0:00:00.154111
Payload successfully sent to InfluxDB server: 0:00:03.967662

mon360 execution complete: 0:00:06.095928

mon360 execution start at: 2020-08-18 19:34:23.340986

Getting CPU metric
    Complete: 0:00:00.000112
Getting MEM metric
    Complete: 0:00:00.000054
Getting LATENCY metric
    Complete: 0:00:00.227738
Getting DB_SESSIONS metric
    Complete: 0:00:00.341634
Payload successfully sent to InfluxDB server: 0:00:02.910027

mon360 execution complete: 0:00:04.921100

mon360 execution start at: 2020-08-18 19:34:58.270502

Getting CPU metric
    Complete: 0:00:00.000130
Getting MEM metric
    Complete: 0:00:00.000057
Getting LATENCY metric
    Complete: 0:00:00.229226
Getting DB_SESSIONS metric
    Complete: 0:00:00.156961
Payload successfully sent to InfluxDB server: 0:00:03.216875

mon360 execution complete: 0:00:05.296205

mon360 execution start at: 2020-08-18 19:35:33.579207

Getting CPU metric
    Complete: 0:00:00.000104
Getting MEM metric
    Complete: 0:00:00.000051
Getting LATENCY metric
    Complete: 0:00:00.241788
Getting DB_SESSIONS metric
    Complete: 0:00:00.222599
Payload successfully sent to InfluxDB server: 0:00:03.124924

mon360 execution complete: 0:00:05.155352

mon360 execution start at: 2020-08-18 19:36:08.736249

Getting CPU metric
    Complete: 0:00:00.000107
Getting MEM metric
    Complete: 0:00:00.000059
Getting LATENCY metric
    Complete: 0:00:00.232663
Getting DB_SESSIONS metric
    Complete: 0:00:00.237627
Payload successfully sent to InfluxDB server: 0:00:03.058994

mon360 execution complete: 0:00:04.945829

mon360 execution start at: 2020-08-18 19:36:43.693672

Getting CPU metric
    Complete: 0:00:00.000097
Getting MEM metric
    Complete: 0:00:00.000061
Getting LATENCY metric
    Complete: 0:00:00.228307
Getting DB_SESSIONS metric
    Complete: 0:00:00.153355
Payload successfully sent to InfluxDB server: 0:00:02.994113

mon360 execution complete: 0:00:05.985236

mon360 execution start at: 2020-08-18 19:37:19.679579

Getting CPU metric
    Complete: 0:00:00.000102
Getting MEM metric
    Complete: 0:00:00.000049
Getting LATENCY metric
    Complete: 0:00:00.221704
Getting DB_SESSIONS metric
    Complete: 0:00:00.153004
Payload successfully sent to InfluxDB server: 0:00:02.966432

mon360 execution complete: 0:00:05.083361

mon360 execution start at: 2020-08-18 19:37:54.766629

Getting CPU metric
    Complete: 0:00:00.000113
Getting MEM metric
    Complete: 0:00:00.000055
Getting LATENCY metric
    Complete: 0:00:00.228088
Getting DB_SESSIONS metric
    Complete: 0:00:00.171480
Payload successfully sent to InfluxDB server: 0:00:02.926498

mon360 execution complete: 0:00:05.011904

mon360 execution start at: 2020-08-18 19:38:29.786185

Getting CPU metric
    Complete: 0:00:00.000121
Getting MEM metric
    Complete: 0:00:00.000060
Getting LATENCY metric
    Complete: 0:00:00.222302
Getting DB_SESSIONS metric
    Complete: 0:00:00.152446[H[2J[H[2J[H[2J[H[2J[H[2J[H[2J[H[2J[H[2J[H[2J[H[2J[H[2J[H[2J[H[2J[H[2J[H[2J[H[2J[H[2J[H[2J[H[2J[H[2J[H[2J[H[2J[H[2J
Payload successfully sent to InfluxDB server: 0:00:03.180453

mon360 execution complete: 0:00:05.079160

mon360 execution start at: 2020-08-18 19:39:04.866998

Getting CPU metric
    Complete: 0:00:00.000104
Getting MEM metric
    Complete: 0:00:00.000049
Getting LATENCY metric
    Complete: 0:00:00.226674
Getting DB_SESSIONS metric
    Complete: 0:00:00.170947
Payload successfully sent to InfluxDB server: 0:00:03.107002

mon360 execution complete: 0:00:05.366058

mon360 execution start at: 2020-08-18 19:39:40.243271

Getting CPU metric
    Complete: 0:00:00.000112
Getting MEM metric
    Complete: 0:00:00.000054
Getting LATENCY metric
    Complete: 0:00:00.218786
Getting DB_SESSIONS metric
    Complete: 0:00:00.149449
Payload successfully sent to InfluxDB server: 0:00:03.137157

mon360 execution complete: 0:00:05.204251

mon360 execution start at: 2020-08-18 19:40:15.451343

Getting CPU metric
    Complete: 0:00:00.000101
Getting MEM metric
    Complete: 0:00:00.000047
Getting LATENCY metric
    Complete: 0:00:00.228216
Getting DB_SESSIONS metric
    Complete: 0:00:00.256678
Payload successfully sent to InfluxDB server: 0:00:03.363314

mon360 execution complete: 0:00:05.291695

mon360 execution start at: 2020-08-18 19:40:50.750560

Getting CPU metric
    Complete: 0:00:00.000110
Getting MEM metric
    Complete: 0:00:00.000054
Getting LATENCY metric
    Complete: 0:00:00.220800
Getting DB_SESSIONS metric
    Complete: 0:00:00.153842
Payload successfully sent to InfluxDB server: 0:00:03.726353

mon360 execution complete: 0:00:05.770830

mon360 execution start at: 2020-08-18 19:41:26.529203

Getting CPU metric
    Complete: 0:00:00.000117
Getting MEM metric
    Complete: 0:00:00.000053
Getting LATENCY metric
    Complete: 0:00:00.255968
Getting DB_SESSIONS metric
    Complete: 0:00:00.153297
Payload successfully sent to InfluxDB server: 0:00:02.935764

mon360 execution complete: 0:00:05.143378

mon360 execution start at: 2020-08-18 19:42:01.680644

Getting CPU metric
    Complete: 0:00:00.000112
Getting MEM metric
    Complete: 0:00:00.000053
Getting LATENCY metric
    Complete: 0:00:00.730487
Getting DB_SESSIONS metric
    Complete: 0:00:00.155017
Payload successfully sent to InfluxDB server: 0:00:02.968574

mon360 execution complete: 0:00:05.492375

mon360 execution start at: 2020-08-18 19:42:37.178282

Getting CPU metric
    Complete: 0:00:00.000126
Getting MEM metric
    Complete: 0:00:00.000054
Getting LATENCY metric
    Complete: 0:00:00.236291
Getting DB_SESSIONS metric
    Complete: 0:00:00.156007
Payload successfully sent to InfluxDB server: 0:00:03.069949

mon360 execution complete: 0:00:05.006278

mon360 execution start at: 2020-08-18 19:43:12.183495

Getting CPU metric
    Complete: 0:00:00.000111
Getting MEM metric
    Complete: 0:00:00.000056
Getting LATENCY metric
    Complete: 0:00:00.222456
Getting DB_SESSIONS metric
    Complete: 0:00:00.155752
Payload successfully sent to InfluxDB server: 0:00:03.446283

mon360 execution complete: 0:00:05.565079

mon360 execution start at: 2020-08-18 19:43:47.747143

Getting CPU metric
    Complete: 0:00:00.000097
Getting MEM metric
    Complete: 0:00:00.000044
Getting LATENCY metric
    Complete: 0:00:00.237985
Getting DB_SESSIONS metric
    Complete: 0:00:00.151362
Payload successfully sent to InfluxDB server: 0:00:03.039979

mon360 execution complete: 0:00:05.136251

mon360 execution start at: 2020-08-18 19:44:22.889385

Getting CPU metric
    Complete: 0:00:00.000122
Getting MEM metric
    Complete: 0:00:00.000059
Getting LATENCY metric
    Complete: 0:00:00.260448
Getting DB_SESSIONS metric
    Complete: 0:00:00.200784
Payload successfully sent to InfluxDB server: 0:00:03.210648

mon360 execution complete: 0:00:05.338301

mon360 execution start at: 2020-08-18 19:44:58.233555

Getting CPU metric
    Complete: 0:00:00.000107
Getting MEM metric
    Complete: 0:00:00.000055
Getting LATENCY metric
    Complete: 0:00:00.233043
Getting DB_SESSIONS metric
    Complete: 0:00:00.158982
Payload successfully sent to InfluxDB server: 0:00:03.162353

mon360 execution complete: 0:00:06.358995

mon360 execution start at: 2020-08-18 19:45:34.597859

Getting CPU metric
    Complete: 0:00:00.000103
Getting MEM metric
    Complete: 0:00:00.000049
Getting LATENCY metric
    Complete: 0:00:00.219431
Getting DB_SESSIONS metric
    Complete: 0:00:00.148565
Payload successfully sent to InfluxDB server: 0:00:03.201657

mon360 execution complete: 0:00:04.969322

mon360 execution start at: 2020-08-18 19:46:09.567565

Getting CPU metric
    Complete: 0:00:00.000129
Getting MEM metric
    Complete: 0:00:00.000054
Getting LATENCY metric
    Complete: 0:00:00.213779
Getting DB_SESSIONS metric
    Complete: 0:00:00.181877
Payload successfully sent to InfluxDB server: 0:00:02.942006

mon360 execution complete: 0:00:05.353947

mon360 execution start at: 2020-08-18 19:46:44.933161

Getting CPU metric
    Complete: 0:00:00.000101
Getting MEM metric
    Complete: 0:00:00.000047
Getting LATENCY metric
    Complete: 0:00:00.225797
Getting DB_SESSIONS metric
    Complete: 0:00:00.157644
Payload successfully sent to InfluxDB server: 0:00:03.660687

mon360 execution complete: 0:00:05.683505

mon360 execution start at: 2020-08-18 19:47:20.618595

Getting CPU metric
    Complete: 0:00:00.000121
Getting MEM metric
    Complete: 0:00:00.000060
Getting LATENCY metric
    Complete: 0:00:00.230720
Getting DB_SESSIONS metric
    Complete: 0:00:00.154052
Payload successfully sent to InfluxDB server: 0:00:02.947869

mon360 execution complete: 0:00:04.964856

mon360 execution start at: 2020-08-18 19:47:55.585851

Getting CPU metric
    Complete: 0:00:00.000102
Getting MEM metric
    Complete: 0:00:00.000048
Getting LATENCY metric
    Complete: 0:00:00.215140
Getting DB_SESSIONS metric
    Complete: 0:00:00.352735
Payload successfully sent to InfluxDB server: 0:00:03.879386

mon360 execution complete: 0:00:06.918217

mon360 execution start at: 2020-08-18 19:48:32.503790

Getting CPU metric
    Complete: 0:00:00.000094
Getting MEM metric
    Complete: 0:00:00.000046
Getting LATENCY metric
    Complete: 0:00:00.215945
Getting DB_SESSIONS metric
    Complete: 0:00:00.153390
Payload successfully sent to InfluxDB server: 0:00:03.758864

mon360 execution complete: 0:00:06.881873

mon360 execution start at: 2020-08-18 19:49:09.394983

Getting CPU metric
    Complete: 0:00:00.000096
Getting MEM metric
    Complete: 0:00:00.000043
Getting LATENCY metric
    Complete: 0:00:00.231686
Getting DB_SESSIONS metric
    Complete: 0:00:00.153368
Payload successfully sent to InfluxDB server: 0:00:03.261325

mon360 execution complete: 0:00:05.472041

mon360 execution start at: 2020-08-18 19:49:44.875078

Getting CPU metric
    Complete: 0:00:00.000112
Getting MEM metric
    Complete: 0:00:00.000056
Getting LATENCY metric
    Complete: 0:00:00.225329
Getting DB_SESSIONS metric
    Complete: 0:00:00.155450
Payload successfully sent to InfluxDB server: 0:00:03.358918

mon360 execution complete: 0:00:05.370173

mon360 execution start at: 2020-08-18 19:50:20.241709

Getting CPU metric
    Complete: 0:00:00.000096
Getting MEM metric
    Complete: 0:00:00.000044
Getting LATENCY metric
    Complete: 0:00:00.218040
Getting DB_SESSIONS metric
    Complete: 0:00:00.158148
Payload successfully sent to InfluxDB server: 0:00:03.183613

mon360 execution complete: 0:00:05.392804

mon360 execution start at: 2020-08-18 19:50:55.641667

Getting CPU metric
    Complete: 0:00:00.000121
Getting MEM metric
    Complete: 0:00:00.000058
Getting LATENCY metric
    Complete: 0:00:00.218527
Getting DB_SESSIONS metric
    Complete: 0:00:00.150284
Payload successfully sent to InfluxDB server: 0:00:02.845648

mon360 execution complete: 0:00:04.638794

mon360 execution start at: 2020-08-18 19:51:30.287320

Getting CPU metric
    Complete: 0:00:00.000146
Getting MEM metric
    Complete: 0:00:00.000095
Getting LATENCY metric
    Complete: 0:00:00.447871
Getting DB_SESSIONS metric
    Complete: 0:00:00.152319
Payload successfully sent to InfluxDB server: 0:00:02.827596

mon360 execution complete: 0:00:05.071083

mon360 execution start at: 2020-08-18 19:52:05.361268

Getting CPU metric
    Complete: 0:00:00.000108[H[2J[H[2J[H[2J[H[2J[H[2J[H[2J[H[2J[H[2J[H[2J[H[2J[H[2J[H[2J[H[2J[H[2J[H[2J[H[2J[H[2J[H[2J[H[2J[H[2J[H[2J[H[2J
Getting MEM metric
    Complete: 0:00:00.000051
Getting LATENCY metric
    Complete: 0:00:00.573802
Getting DB_SESSIONS metric
    Complete: 0:00:00.323465
Payload successfully sent to InfluxDB server: 0:00:03.093543

mon360 execution complete: 0:00:05.681391

mon360 execution start at: 2020-08-18 19:52:41.048688

Getting CPU metric
    Complete: 0:00:00.000231
Getting MEM metric
    Complete: 0:00:00.000080
Getting LATENCY metric
    Complete: 0:00:00.218900
Getting DB_SESSIONS metric
    Complete: 0:00:00.157303
Payload successfully sent to InfluxDB server: 0:00:03.009636

mon360 execution complete: 0:00:04.999126

mon360 execution start at: 2020-08-18 19:53:16.057083

Getting CPU metric
    Complete: 0:00:00.000126
Getting MEM metric
    Complete: 0:00:00.000066
Getting LATENCY metric
    Complete: 0:00:00.214843
Getting DB_SESSIONS metric
    Complete: 0:00:00.162882
Payload successfully sent to InfluxDB server: 0:00:03.320716

mon360 execution complete: 0:00:05.241043

mon360 execution start at: 2020-08-18 19:53:51.306469

Getting CPU metric
    Complete: 0:00:00.000127
Getting MEM metric
    Complete: 0:00:00.000094
Getting LATENCY metric
    Complete: 0:00:00.257656
Getting DB_SESSIONS metric
    Complete: 0:00:00.153229
Payload successfully sent to InfluxDB server: 0:00:03.256218

mon360 execution complete: 0:00:05.244176

mon360 execution start at: 2020-08-18 19:54:26.558300

Getting CPU metric
    Complete: 0:00:00.000139
Getting MEM metric
    Complete: 0:00:00.000061
Getting LATENCY metric
    Complete: 0:00:00.227883
Getting DB_SESSIONS metric
    Complete: 0:00:00.154820
Payload successfully sent to InfluxDB server: 0:00:03.282100

mon360 execution complete: 0:00:05.344261

mon360 execution start at: 2020-08-18 19:55:01.907914

Getting CPU metric
    Complete: 0:00:00.000120
Getting MEM metric
    Complete: 0:00:00.000056
Getting LATENCY metric
    Complete: 0:00:00.217527
Getting DB_SESSIONS metric
    Complete: 0:00:00.154022
Payload successfully sent to InfluxDB server: 0:00:03.139611

mon360 execution complete: 0:00:05.491845

mon360 execution start at: 2020-08-18 19:55:37.402162

Getting CPU metric
    Complete: 0:00:00.000097
Getting MEM metric
    Complete: 0:00:00.000044
Getting LATENCY metric
    Complete: 0:00:00.215827
Getting DB_SESSIONS metric
    Complete: 0:00:00.151004
Payload successfully sent to InfluxDB server: 0:00:03.170216

mon360 execution complete: 0:00:05.348724

mon360 execution start at: 2020-08-18 19:56:12.773145

Getting CPU metric
    Complete: 0:00:00.000133
Getting MEM metric
    Complete: 0:00:00.000078
Getting LATENCY metric
    Complete: 0:00:00.224497
Getting DB_SESSIONS metric
    Complete: 0:00:00.156233
Payload successfully sent to InfluxDB server: 0:00:03.074424

mon360 execution complete: 0:00:05.097512

mon360 execution start at: 2020-08-18 19:56:47.864274

Getting CPU metric
    Complete: 0:00:00.000121
Getting MEM metric
    Complete: 0:00:00.000134
Getting LATENCY metric
    Complete: 0:00:00.227812
Getting DB_SESSIONS metric
    Complete: 0:00:00.158774
Payload successfully sent to InfluxDB server: 0:00:03.344492

mon360 execution complete: 0:00:05.305669

mon360 execution start at: 2020-08-18 19:57:23.175320

Getting CPU metric
    Complete: 0:00:00.000105
Getting MEM metric
    Complete: 0:00:00.000054
Getting LATENCY metric
    Complete: 0:00:00.210706
Getting DB_SESSIONS metric
    Complete: 0:00:00.155268
Payload successfully sent to InfluxDB server: 0:00:02.897425

mon360 execution complete: 0:00:05.007264

mon360 execution start at: 2020-08-18 19:57:58.192270

Getting CPU metric
    Complete: 0:00:00.000103
Getting MEM metric
    Complete: 0:00:00.000051
Getting LATENCY metric
    Complete: 0:00:00.217164
Getting DB_SESSIONS metric
    Complete: 0:00:00.154405
Payload successfully sent to InfluxDB server: 0:00:02.696677

mon360 execution complete: 0:00:04.850187

mon360 execution start at: 2020-08-18 19:58:33.048938

Getting CPU metric
    Complete: 0:00:00.000103
Getting MEM metric
    Complete: 0:00:00.000044
Getting LATENCY metric
    Complete: 0:00:00.214186
Getting DB_SESSIONS metric
    Complete: 0:00:00.157505
Payload successfully sent to InfluxDB server: 0:00:02.969379

mon360 execution complete: 0:00:05.028572

mon360 execution start at: 2020-08-18 19:59:08.083904

Getting CPU metric
    Complete: 0:00:00.000102
Getting MEM metric
    Complete: 0:00:00.000049
Getting LATENCY metric
    Complete: 0:00:00.238870
Getting DB_SESSIONS metric
    Complete: 0:00:00.181274
Payload successfully sent to InfluxDB server: 0:00:03.061346

mon360 execution complete: 0:00:05.150144

mon360 execution start at: 2020-08-18 19:59:43.241263

Getting CPU metric
    Complete: 0:00:00.000109
Getting MEM metric
    Complete: 0:00:00.000056
Getting LATENCY metric
    Complete: 0:00:00.219491
Getting DB_SESSIONS metric
    Complete: 0:00:00.152626
Payload successfully sent to InfluxDB server: 0:00:03.197330

mon360 execution complete: 0:00:05.204410

mon360 execution start at: 2020-08-18 20:00:18.445963

Getting CPU metric
    Complete: 0:00:00.000105
Getting MEM metric
    Complete: 0:00:00.000050
Getting LATENCY metric
    Complete: 0:00:00.222404
Getting DISK metric
    Complete: 0:00:00.000857
Getting DB_SESSIONS metric
    Complete: 0:00:00.149536
Getting DB_SIZE metric
    Complete: 0:00:01.789094
Getting DB_TBSSIZE metric
    Complete: 0:00:23.940193
Payload successfully sent to InfluxDB server: 0:00:02.896086

mon360 execution complete: 0:00:30.543395

mon360 execution start at: 2020-08-18 20:01:19.002506

Getting CPU metric
    Complete: 0:00:00.000101
Getting MEM metric
    Complete: 0:00:00.000052
Getting LATENCY metric
    Complete: 0:00:00.217438
Getting DB_SESSIONS metric
    Complete: 0:00:00.151078
Payload successfully sent to InfluxDB server: 0:00:03.093352

mon360 execution complete: 0:00:05.923016

mon360 execution start at: 2020-08-18 20:01:54.928224

Getting CPU metric
    Complete: 0:00:00.000120
Getting MEM metric
    Complete: 0:00:00.000060
Getting LATENCY metric
    Complete: 0:00:00.224667
Getting DB_SESSIONS metric
    Complete: 0:00:00.155532
Payload successfully sent to InfluxDB server: 0:00:08.221011

mon360 execution complete: 0:00:16.346675

mon360 execution start at: 2020-08-18 20:02:41.281489

Getting CPU metric
    Complete: 0:00:00.000128
Getting MEM metric
    Complete: 0:00:00.000053
Getting LATENCY metric
    Complete: 0:00:00.243825
Getting DB_SESSIONS metric
    Complete: 0:00:00.153724
Payload successfully sent to InfluxDB server: 0:00:03.911083

mon360 execution complete: 0:00:09.671262

mon360 execution start at: 2020-08-18 20:03:20.954663

Getting CPU metric
    Complete: 0:00:00.000112
Getting MEM metric
    Complete: 0:00:00.000056
Getting LATENCY metric
    Complete: 0:00:00.217951
Getting DB_SESSIONS metric
    Complete: 0:00:00.168073
Payload successfully sent to InfluxDB server: 0:00:03.210135

mon360 execution complete: 0:00:05.620567

mon360 execution start at: 2020-08-18 20:03:56.584051

Getting CPU metric
    Complete: 0:00:00.000109
Getting MEM metric
    Complete: 0:00:00.000054
Getting LATENCY metric
    Complete: 0:00:00.216835
Getting DB_SESSIONS metric
    Complete: 0:00:00.153645
Payload successfully sent to InfluxDB server: 0:00:03.135292

mon360 execution complete: 0:00:05.213114

mon360 execution start at: 2020-08-18 20:04:31.802055

Getting CPU metric
    Complete: 0:00:00.000113
Getting MEM metric
    Complete: 0:00:00.000054
Getting LATENCY metric
    Complete: 0:00:00.223695
Getting DB_SESSIONS metric
    Complete: 0:00:00.152220
Payload successfully sent to InfluxDB server: 0:00:03.541854

mon360 execution complete: 0:00:05.649712

mon360 execution start at: 2020-08-18 20:05:07.453687

Getting CPU metric
    Complete: 0:00:00.000104
Getting MEM metric
    Complete: 0:00:00.000050
Getting LATENCY metric
    Complete: 0:00:00.217407
Getting DB_SESSIONS metric
    Complete: 0:00:00.155341
Payload successfully sent to InfluxDB server: 0:00:03.074570

mon360 execution complete: 0:00:05.069595

mon360 execution start at: 2020-08-18 20:05:42.534617

Getting CPU metric
    Complete: 0:00:00.000109
Getting MEM metric
    Complete: 0:00:00.000056[H[2J[H[2J[H[2J[H[2J[H[2J[H[2J[H[2J[H[2J[H[2J[H[2J[H[2J[H[2J[H[2J[H[2J[H[2J[H[2J[H[2J[H[2J[H[2J[H[2J[H[2J[H[2J
Getting LATENCY metric
    Complete: 0:00:00.228475
Getting DB_SESSIONS metric
    Complete: 0:00:00.153076
Payload successfully sent to InfluxDB server: 0:00:02.992121

mon360 execution complete: 0:00:04.890510

mon360 execution start at: 2020-08-18 20:06:17.425263

Getting CPU metric
    Complete: 0:00:00.000102
Getting MEM metric
    Complete: 0:00:00.000048
Getting LATENCY metric
    Complete: 0:00:00.232028
Getting DB_SESSIONS metric
    Complete: 0:00:00.156528
Payload successfully sent to InfluxDB server: 0:00:03.224844

mon360 execution complete: 0:00:05.345263

mon360 execution start at: 2020-08-18 20:06:52.779477

Getting CPU metric
    Complete: 0:00:00.000113
Getting MEM metric
    Complete: 0:00:00.000055
Getting LATENCY metric
    Complete: 0:00:00.212834
Getting DB_SESSIONS metric
    Complete: 0:00:00.152897
Payload successfully sent to InfluxDB server: 0:00:03.018165

mon360 execution complete: 0:00:05.165690

mon360 execution start at: 2020-08-18 20:07:27.953101

Getting CPU metric
    Complete: 0:00:00.000106
Getting MEM metric
    Complete: 0:00:00.000050
Getting LATENCY metric
    Complete: 0:00:00.223958
Getting DB_SESSIONS metric
    Complete: 0:00:00.159789
Payload successfully sent to InfluxDB server: 0:00:03.337028

mon360 execution complete: 0:00:05.215979

mon360 execution start at: 2020-08-18 20:08:03.176839

Getting CPU metric
    Complete: 0:00:00.000104
Getting MEM metric
    Complete: 0:00:00.000050
Getting LATENCY metric
    Complete: 0:00:00.219758
Getting DB_SESSIONS metric
    Complete: 0:00:00.155334
Payload successfully sent to InfluxDB server: 0:00:02.999842

mon360 execution complete: 0:00:05.016339

mon360 execution start at: 2020-08-18 20:08:38.203595

Getting CPU metric
    Complete: 0:00:00.000128
Getting MEM metric
    Complete: 0:00:00.000056
Getting LATENCY metric
    Complete: 0:00:00.238327
Getting DB_SESSIONS metric
    Complete: 0:00:00.153377
Payload successfully sent to InfluxDB server: 0:00:03.059345

mon360 execution complete: 0:00:05.063095

mon360 execution start at: 2020-08-18 20:09:13.274638

Getting CPU metric
    Complete: 0:00:00.000110
Getting MEM metric
    Complete: 0:00:00.000055
Getting LATENCY metric
    Complete: 0:00:00.218544
Getting DB_SESSIONS metric
    Complete: 0:00:00.155988
Payload successfully sent to InfluxDB server: 0:00:03.461896

mon360 execution complete: 0:00:05.423636

mon360 execution start at: 2020-08-18 20:09:48.706411

Getting CPU metric
    Complete: 0:00:00.000112
Getting MEM metric
    Complete: 0:00:00.000059
Getting LATENCY metric
    Complete: 0:00:00.218523
Getting DB_SESSIONS metric
    Complete: 0:00:00.153007
Payload successfully sent to InfluxDB server: 0:00:03.021179

mon360 execution complete: 0:00:04.959125

mon360 execution start at: 2020-08-18 20:10:23.675093

Getting CPU metric
    Complete: 0:00:00.000121
Getting MEM metric
    Complete: 0:00:00.000058
Getting LATENCY metric
    Complete: 0:00:00.225183
Getting DB_SESSIONS metric
    Complete: 0:00:00.290467
Payload successfully sent to InfluxDB server: 0:00:03.255452

mon360 execution complete: 0:00:05.296146

mon360 execution start at: 2020-08-18 20:10:58.976208

Getting CPU metric
    Complete: 0:00:00.000111
Getting MEM metric
    Complete: 0:00:00.000055
Getting LATENCY metric
    Complete: 0:00:00.234963
Getting DB_SESSIONS metric
    Complete: 0:00:00.157361
Payload successfully sent to InfluxDB server: 0:00:02.954398

mon360 execution complete: 0:00:04.946234

mon360 execution start at: 2020-08-18 20:11:33.925797

Getting CPU metric
    Complete: 0:00:00.000109
Getting MEM metric
    Complete: 0:00:00.000054
Getting LATENCY metric
    Complete: 0:00:00.218936
Getting DB_SESSIONS metric
    Complete: 0:00:00.149785
Payload successfully sent to InfluxDB server: 0:00:03.163701

mon360 execution complete: 0:00:05.142862

mon360 execution start at: 2020-08-18 20:12:09.074851

Getting CPU metric
    Complete: 0:00:00.000108
Getting MEM metric
    Complete: 0:00:00.000053
Getting LATENCY metric
    Complete: 0:00:00.223912
Getting DB_SESSIONS metric
    Complete: 0:00:00.156912
Payload successfully sent to InfluxDB server: 0:00:02.901492

mon360 execution complete: 0:00:04.865111

mon360 execution start at: 2020-08-18 20:12:43.941433

Getting CPU metric
    Complete: 0:00:00.000103
Getting MEM metric
    Complete: 0:00:00.000048
Getting LATENCY metric
    Complete: 0:00:00.223182
Getting DB_SESSIONS metric
    Complete: 0:00:00.157018
Payload successfully sent to InfluxDB server: 0:00:02.946367

mon360 execution complete: 0:00:05.093995

mon360 execution start at: 2020-08-18 20:13:19.037317

Getting CPU metric
    Complete: 0:00:00.000098
Getting MEM metric
    Complete: 0:00:00.000041
Getting LATENCY metric
    Complete: 0:00:00.239669
Getting DB_SESSIONS metric
    Complete: 0:00:00.162568
Payload successfully sent to InfluxDB server: 0:00:02.900792

mon360 execution complete: 0:00:04.841850

mon360 execution start at: 2020-08-18 20:13:53.879896

Getting CPU metric
    Complete: 0:00:00.000109
Getting MEM metric
    Complete: 0:00:00.000054
Getting LATENCY metric
    Complete: 0:00:00.246390
Getting DB_SESSIONS metric
    Complete: 0:00:00.158208
Payload successfully sent to InfluxDB server: 0:00:03.084180

mon360 execution complete: 0:00:05.390743

mon360 execution start at: 2020-08-18 20:14:29.275639

Getting CPU metric
    Complete: 0:00:00.000128
Getting MEM metric
    Complete: 0:00:00.000063
Getting LATENCY metric
    Complete: 0:00:00.216036
Getting DB_SESSIONS metric
    Complete: 0:00:00.151308
Payload successfully sent to InfluxDB server: 0:00:03.349982

mon360 execution complete: 0:00:05.459929

mon360 execution start at: 2020-08-18 20:15:04.744798

Getting CPU metric
    Complete: 0:00:00.000110
Getting MEM metric
    Complete: 0:00:00.000057
Getting LATENCY metric
    Complete: 0:00:00.233878
Getting DB_SESSIONS metric
    Complete: 0:00:00.154270
Payload successfully sent to InfluxDB server: 0:00:08.114870

mon360 execution complete: 0:00:10.153069

mon360 execution start at: 2020-08-18 20:15:44.897014

Getting CPU metric
    Complete: 0:00:00.000102
Getting MEM metric
    Complete: 0:00:00.000047
Getting LATENCY metric
    Complete: 0:00:00.214640
Getting DB_SESSIONS metric
    Complete: 0:00:00.153589
Payload successfully sent to InfluxDB server: 0:00:02.888286

mon360 execution complete: 0:00:04.782906

mon360 execution start at: 2020-08-18 20:16:19.689631

Getting CPU metric
    Complete: 0:00:00.000114
Getting MEM metric
    Complete: 0:00:00.000052
Getting LATENCY metric
    Complete: 0:00:00.220043
Getting DB_SESSIONS metric
    Complete: 0:00:00.155908
Payload successfully sent to InfluxDB server: 0:00:03.833423

mon360 execution complete: 0:00:05.732287

mon360 execution start at: 2020-08-18 20:16:55.428992

Getting CPU metric
    Complete: 0:00:00.000114
Getting MEM metric
    Complete: 0:00:00.000057
Getting LATENCY metric
    Complete: 0:00:00.227371
Getting DB_SESSIONS metric
    Complete: 0:00:00.153234
Payload successfully sent to InfluxDB server: 0:00:04.103011

mon360 execution complete: 0:00:06.258512

mon360 execution start at: 2020-08-18 20:17:31.691047

Getting CPU metric
    Complete: 0:00:00.000116
Getting MEM metric
    Complete: 0:00:00.000060
Getting LATENCY metric
    Complete: 0:00:00.243062
Getting DB_SESSIONS metric
    Complete: 0:00:00.151980
Payload successfully sent to InfluxDB server: 0:00:03.481992

mon360 execution complete: 0:00:06.212857

mon360 execution start at: 2020-08-18 20:18:07.904464

Getting CPU metric
    Complete: 0:00:00.000120
Getting MEM metric
    Complete: 0:00:00.000060
Getting LATENCY metric
    Complete: 0:00:00.217236
Getting DB_SESSIONS metric
    Complete: 0:00:00.153233
Payload successfully sent to InfluxDB server: 0:00:02.910876

mon360 execution complete: 0:00:05.107726

mon360 execution start at: 2020-08-18 20:18:43.010170

Getting CPU metric
    Complete: 0:00:00.000093
Getting MEM metric
    Complete: 0:00:00.000045
Getting LATENCY metric
    Complete: 0:00:00.216983
Getting DB_SESSIONS metric
    Complete: 0:00:00.153320
Payload successfully sent to InfluxDB server: 0:00:02.794947

mon360 execution complete: 0:00:04.671618[H[2J[H[2J[H[2J[H[2J[H[2J[H[2J[H[2J[H[2J[H[2J[H[2J[H[2J[H[2J[H[2J[H[2J[H[2J[H[2J[H[2J[H[2J[H[2J[H[2J[H[2J[H[2J[H[2J

mon360 execution start at: 2020-08-18 20:19:17.687857

Getting CPU metric
    Complete: 0:00:00.000122
Getting MEM metric
    Complete: 0:00:00.000061
Getting LATENCY metric
    Complete: 0:00:00.368072
Getting DB_SESSIONS metric
    Complete: 0:00:00.149737
Payload successfully sent to InfluxDB server: 0:00:03.065154

mon360 execution complete: 0:00:05.075427

mon360 execution start at: 2020-08-18 20:19:52.764803

Getting CPU metric
    Complete: 0:00:00.000118
Getting MEM metric
    Complete: 0:00:00.000061
Getting LATENCY metric
    Complete: 0:00:00.245088
Getting DB_SESSIONS metric
    Complete: 0:00:00.152280
Payload successfully sent to InfluxDB server: 0:00:03.360003

mon360 execution complete: 0:00:05.579240

mon360 execution start at: 2020-08-18 20:20:28.351521

Getting CPU metric
    Complete: 0:00:00.000136
Getting MEM metric
    Complete: 0:00:00.000084
Getting LATENCY metric
    Complete: 0:00:00.216960
Getting DB_SESSIONS metric
    Complete: 0:00:00.182367
Payload successfully sent to InfluxDB server: 0:00:03.640111

mon360 execution complete: 0:00:05.582450

mon360 execution start at: 2020-08-18 20:21:03.935767

Getting CPU metric
    Complete: 0:00:00.000122
Getting MEM metric
    Complete: 0:00:00.000059
Getting LATENCY metric
    Complete: 0:00:00.214896
Getting DB_SESSIONS metric
    Complete: 0:00:00.150875
Payload successfully sent to InfluxDB server: 0:00:03.421393

mon360 execution complete: 0:00:05.450188

mon360 execution start at: 2020-08-18 20:21:39.391724

Getting CPU metric
    Complete: 0:00:00.000093
Getting MEM metric
    Complete: 0:00:00.000044
Getting LATENCY metric
    Complete: 0:00:00.218971
Getting DB_SESSIONS metric
    Complete: 0:00:00.155478
Payload successfully sent to InfluxDB server: 0:00:03.313056

mon360 execution complete: 0:00:05.508647

mon360 execution start at: 2020-08-18 20:22:14.911654

Getting CPU metric
    Complete: 0:00:00.000110
Getting MEM metric
    Complete: 0:00:00.000053
Getting LATENCY metric
    Complete: 0:00:00.232607
Getting DB_SESSIONS metric
    Complete: 0:00:00.151197
Payload successfully sent to InfluxDB server: 0:00:03.000209

mon360 execution complete: 0:00:04.984749

mon360 execution start at: 2020-08-18 20:22:49.899531

Getting CPU metric
    Complete: 0:00:00.000121
Getting MEM metric
    Complete: 0:00:00.000058
Getting LATENCY metric
    Complete: 0:00:00.219948
Getting DB_SESSIONS metric
    Complete: 0:00:00.154165
Payload successfully sent to InfluxDB server: 0:00:02.977594

mon360 execution complete: 0:00:05.145261

mon360 execution start at: 2020-08-18 20:23:25.049227

Getting CPU metric
    Complete: 0:00:00.000110
Getting MEM metric
    Complete: 0:00:00.000052
Getting LATENCY metric
    Complete: 0:00:00.219224
Getting DB_SESSIONS metric
    Complete: 0:00:00.157030
Payload successfully sent to InfluxDB server: 0:00:03.073909

mon360 execution complete: 0:00:04.906906

mon360 execution start at: 2020-08-18 20:23:59.957211

Getting CPU metric
    Complete: 0:00:00.000109
Getting MEM metric
    Complete: 0:00:00.000056
Getting LATENCY metric
    Complete: 0:00:00.223346
Getting DB_SESSIONS metric
    Complete: 0:00:00.150187
Payload successfully sent to InfluxDB server: 0:00:03.527767

mon360 execution complete: 0:00:05.543986

mon360 execution start at: 2020-08-18 20:24:35.506588

Getting CPU metric
    Complete: 0:00:00.000104
Getting MEM metric
    Complete: 0:00:00.000050
Getting LATENCY metric
    Complete: 0:00:00.228680
Getting DB_SESSIONS metric
    Complete: 0:00:00.150159
Payload successfully sent to InfluxDB server: 0:00:02.923057

mon360 execution complete: 0:00:04.950665

mon360 execution start at: 2020-08-18 20:25:10.463917

Getting CPU metric
    Complete: 0:00:00.000122
Getting MEM metric
    Complete: 0:00:00.000060
Getting LATENCY metric
    Complete: 0:00:00.231973
Getting DB_SESSIONS metric
    Complete: 0:00:00.154036
Payload successfully sent to InfluxDB server: 0:00:02.904861

mon360 execution complete: 0:00:05.004031

mon360 execution start at: 2020-08-18 20:25:45.472946

Getting CPU metric
    Complete: 0:00:00.000094
Getting MEM metric
    Complete: 0:00:00.000054
Getting LATENCY metric
    Complete: 0:00:00.215841
Getting DB_SESSIONS metric
    Complete: 0:00:00.158482
Payload successfully sent to InfluxDB server: 0:00:08.467056

mon360 execution complete: 0:00:10.953688

mon360 execution start at: 2020-08-18 20:26:26.426203

Getting CPU metric
    Complete: 0:00:00.000085
Getting MEM metric
    Complete: 0:00:00.000039
Getting LATENCY metric
    Complete: 0:00:00.250222
Getting DB_SESSIONS metric
    Complete: 0:00:00.173003
Payload successfully sent to InfluxDB server: 0:00:03.168611

mon360 execution complete: 0:00:05.107514

mon360 execution start at: 2020-08-18 20:27:01.541264

Getting CPU metric
    Complete: 0:00:00.000110
Getting MEM metric
    Complete: 0:00:00.000056
Getting LATENCY metric
    Complete: 0:00:00.242081
Getting DB_SESSIONS metric
    Complete: 0:00:00.222169
Payload successfully sent to InfluxDB server: 0:00:03.144113

mon360 execution complete: 0:00:05.114300

mon360 execution start at: 2020-08-18 20:27:36.663230

Getting CPU metric
    Complete: 0:00:00.000122
Getting MEM metric
    Complete: 0:00:00.000061
Getting LATENCY metric
    Complete: 0:00:00.221862
Getting DB_SESSIONS metric
    Complete: 0:00:00.154022
Payload successfully sent to InfluxDB server: 0:00:08.686727

mon360 execution complete: 0:00:10.630998

mon360 execution start at: 2020-08-18 20:28:17.301275

Getting CPU metric
    Complete: 0:00:00.000096
Getting MEM metric
    Complete: 0:00:00.000048
Getting LATENCY metric
    Complete: 0:00:00.220322
Getting DB_SESSIONS metric
    Complete: 0:00:00.182742
Payload successfully sent to InfluxDB server: 0:00:03.296710

mon360 execution complete: 0:00:05.162685

mon360 execution start at: 2020-08-18 20:28:52.469618

Getting CPU metric
    Complete: 0:00:00.000123
Getting MEM metric
    Complete: 0:00:00.000062
Getting LATENCY metric
    Complete: 0:00:00.220458
Getting DB_SESSIONS metric
    Complete: 0:00:00.268484
Payload successfully sent to InfluxDB server: 0:00:03.117325

mon360 execution complete: 0:00:05.482207

mon360 execution start at: 2020-08-18 20:29:27.961834

Getting CPU metric
    Complete: 0:00:00.000122
Getting MEM metric
    Complete: 0:00:00.000063
Getting LATENCY metric
    Complete: 0:00:00.216386
Getting DB_SESSIONS metric
    Complete: 0:00:00.152412
Payload successfully sent to InfluxDB server: 0:00:03.385529

mon360 execution complete: 0:00:05.423651

mon360 execution start at: 2020-08-18 20:30:03.389237

Getting CPU metric
    Complete: 0:00:00.000120
Getting MEM metric
    Complete: 0:00:00.000055
Getting LATENCY metric
    Complete: 0:00:00.227905
Getting DISK metric
    Complete: 0:00:00.000647
Getting DB_SESSIONS metric
    Complete: 0:00:00.151518
Getting DB_SIZE metric
    Complete: 0:00:01.287712
Getting DB_TBSSIZE metric
    Complete: 0:01:31.693230
Payload successfully sent to InfluxDB server: 0:00:02.854697

mon360 execution complete: 0:01:37.868702

mon360 execution start at: 2020-08-18 20:32:11.263546

Getting CPU metric
    Complete: 0:00:00.000096
Getting MEM metric
    Complete: 0:00:00.000051
Getting LATENCY metric
    Complete: 0:00:00.236660
Getting DB_SESSIONS metric
    Complete: 0:00:00.160678
Payload successfully sent to InfluxDB server: 0:00:07.519040

mon360 execution complete: 0:00:17.843788

mon360 execution start at: 2020-08-18 20:32:59.110860

Getting CPU metric
    Complete: 0:00:00.000111
Getting MEM metric
    Complete: 0:00:00.000056
Getting LATENCY metric
    Complete: 0:00:00.243760
Getting DB_SESSIONS metric
    Complete: 0:00:00.154556
Payload successfully sent to InfluxDB server: 0:00:03.333035

mon360 execution complete: 0:00:06.803128

mon360 execution start at: 2020-08-18 20:33:35.926133

Getting CPU metric
    Complete: 0:00:00.000107
Getting MEM metric
    Complete: 0:00:00.000056
Getting LATENCY metric
    Complete: 0:00:00.234967
Getting DB_SESSIONS metric
    Complete: 0:00:00.150494
Payload successfully sent to InfluxDB server: 0:00:03.105747

mon360 execution complete: 0:00:05.562300

mon360 execution start at: 2020-08-18 20:34:11.485329[H[2J[H[2J[H[2J[H[2J[H[2J[H[2J[H[2J[H[2J[H[2J[H[2J[H[2J[H[2J[H[2J[H[2J[H[2J[H[2J[H[2J[H[2J[H[2J[H[2J[H[2J[H[2J

Getting CPU metric
    Complete: 0:00:00.000107
Getting MEM metric
    Complete: 0:00:00.000055
Getting LATENCY metric
    Complete: 0:00:00.427492
Getting DB_SESSIONS metric
    Complete: 0:00:00.159420
Payload successfully sent to InfluxDB server: 0:00:03.033678

mon360 execution complete: 0:00:05.342082

mon360 execution start at: 2020-08-18 20:34:46.830944

Getting CPU metric
    Complete: 0:00:00.000090
Getting MEM metric
    Complete: 0:00:00.000043
Getting LATENCY metric
    Complete: 0:00:00.231083
Getting DB_SESSIONS metric
    Complete: 0:00:00.159090
Payload successfully sent to InfluxDB server: 0:00:03.233044

mon360 execution complete: 0:00:05.285569

mon360 execution start at: 2020-08-18 20:35:22.129943

Getting CPU metric
    Complete: 0:00:00.000122
Getting MEM metric
    Complete: 0:00:00.000060
Getting LATENCY metric
    Complete: 0:00:00.361210
Getting DB_SESSIONS metric
    Complete: 0:00:00.153172
Payload successfully sent to InfluxDB server: 0:00:02.985467

mon360 execution complete: 0:00:05.012806

mon360 execution start at: 2020-08-18 20:35:57.143742

Getting CPU metric
    Complete: 0:00:00.000120
Getting MEM metric
    Complete: 0:00:00.000061
Getting LATENCY metric
    Complete: 0:00:00.229115
Getting DB_SESSIONS metric
    Complete: 0:00:00.156132
Payload successfully sent to InfluxDB server: 0:00:02.887966

mon360 execution complete: 0:00:05.457370

mon360 execution start at: 2020-08-18 20:36:32.610256

Getting CPU metric
    Complete: 0:00:00.000110
Getting MEM metric
    Complete: 0:00:00.000059
Getting LATENCY metric
    Complete: 0:00:00.224968
Getting DB_SESSIONS metric
    Complete: 0:00:00.151224
Payload successfully sent to InfluxDB server: 0:00:02.960289

mon360 execution complete: 0:00:04.946094

mon360 execution start at: 2020-08-18 20:37:07.562376

Getting CPU metric
    Complete: 0:00:00.000097
Getting MEM metric
    Complete: 0:00:00.000046
Getting LATENCY metric
    Complete: 0:00:00.230088
Getting DB_SESSIONS metric
    Complete: 0:00:00.158217
Payload successfully sent to InfluxDB server: 0:00:03.123225

mon360 execution complete: 0:00:05.108566

mon360 execution start at: 2020-08-18 20:37:42.670685

Getting CPU metric
    Complete: 0:00:00.000110
Getting MEM metric
    Complete: 0:00:00.000056
Getting LATENCY metric
    Complete: 0:00:00.231891
Getting DB_SESSIONS metric
    Complete: 0:00:00.157550
Payload successfully sent to InfluxDB server: 0:00:03.011224

mon360 execution complete: 0:00:05.252986

mon360 execution start at: 2020-08-18 20:38:17.933210

Getting CPU metric
    Complete: 0:00:00.000122
Getting MEM metric
    Complete: 0:00:00.000062
Getting LATENCY metric
    Complete: 0:00:00.227265
Getting DB_SESSIONS metric
    Complete: 0:00:00.157326
Payload successfully sent to InfluxDB server: 0:00:02.942269

mon360 execution complete: 0:00:04.993236

mon360 execution start at: 2020-08-18 20:38:52.934253

Getting CPU metric
    Complete: 0:00:00.000112
Getting MEM metric
    Complete: 0:00:00.000057
Getting LATENCY metric
    Complete: 0:00:00.226969
Getting DB_SESSIONS metric
    Complete: 0:00:00.181797
Payload successfully sent to InfluxDB server: 0:00:03.797423

mon360 execution complete: 0:00:05.590858

mon360 execution start at: 2020-08-18 20:39:28.529347

Getting CPU metric
    Complete: 0:00:00.000154
Getting MEM metric
    Complete: 0:00:00.000064
Getting LATENCY metric
    Complete: 0:00:00.231887
Getting DB_SESSIONS metric
    Complete: 0:00:00.320083
Payload successfully sent to InfluxDB server: 0:00:03.215575

mon360 execution complete: 0:00:05.187519

mon360 execution start at: 2020-08-18 20:40:03.724457

Getting CPU metric
    Complete: 0:00:00.000112
Getting MEM metric
    Complete: 0:00:00.000056
Getting LATENCY metric
    Complete: 0:00:00.256365
Getting DB_SESSIONS metric
    Complete: 0:00:00.156858
Payload successfully sent to InfluxDB server: 0:00:03.006347

mon360 execution complete: 0:00:05.000019

mon360 execution start at: 2020-08-18 20:40:38.727948

Getting CPU metric
    Complete: 0:00:00.000102
Getting MEM metric
    Complete: 0:00:00.000052
Getting LATENCY metric
    Complete: 0:00:00.261181
Getting DB_SESSIONS metric
    Complete: 0:00:00.155202
Payload successfully sent to InfluxDB server: 0:00:03.173952

mon360 execution complete: 0:00:05.358496

mon360 execution start at: 2020-08-18 20:41:14.083827

Getting CPU metric
    Complete: 0:00:00.000119
Getting MEM metric
    Complete: 0:00:00.000058
Getting LATENCY metric
    Complete: 0:00:00.219939
Getting DB_SESSIONS metric
    Complete: 0:00:00.248726
Payload successfully sent to InfluxDB server: 0:00:02.844095

mon360 execution complete: 0:00:04.764581

mon360 execution start at: 2020-08-18 20:41:48.857751

Getting CPU metric
    Complete: 0:00:00.000110
Getting MEM metric
    Complete: 0:00:00.000057
Getting LATENCY metric
    Complete: 0:00:00.254743
Getting DB_SESSIONS metric
    Complete: 0:00:00.161751
Payload successfully sent to InfluxDB server: 0:00:03.247923

mon360 execution complete: 0:00:05.381763

mon360 execution start at: 2020-08-18 20:42:24.248779

Getting CPU metric
    Complete: 0:00:00.000109
Getting MEM metric
    Complete: 0:00:00.000057
Getting LATENCY metric
    Complete: 0:00:00.759569
Getting DB_SESSIONS metric
    Complete: 0:00:00.153208
Payload successfully sent to InfluxDB server: 0:00:03.011650

mon360 execution complete: 0:00:05.844058

mon360 execution start at: 2020-08-18 20:43:00.096614

Getting CPU metric
    Complete: 0:00:00.000113
Getting MEM metric
    Complete: 0:00:00.000053
Getting LATENCY metric
    Complete: 0:00:00.235454
Getting DB_SESSIONS metric
    Complete: 0:00:00.159806
Payload successfully sent to InfluxDB server: 0:00:03.190964

mon360 execution complete: 0:00:05.358275

mon360 execution start at: 2020-08-18 20:43:35.459797

Getting CPU metric
    Complete: 0:00:00.000111
Getting MEM metric
    Complete: 0:00:00.000057
Getting LATENCY metric
    Complete: 0:00:00.237361
Getting DB_SESSIONS metric
    Complete: 0:00:00.163277
Payload successfully sent to InfluxDB server: 0:00:03.163938

mon360 execution complete: 0:00:05.337554

mon360 execution start at: 2020-08-18 20:44:10.795124

Getting CPU metric
    Complete: 0:00:00.000105
Getting MEM metric
    Complete: 0:00:00.000050
Getting LATENCY metric
    Complete: 0:00:00.231202
Getting DB_SESSIONS metric
    Complete: 0:00:00.282998
Payload successfully sent to InfluxDB server: 0:00:03.423899

mon360 execution complete: 0:00:05.581997

mon360 execution start at: 2020-08-18 20:44:46.383172

Getting CPU metric
    Complete: 0:00:00.000114
Getting MEM metric
    Complete: 0:00:00.000059
Getting LATENCY metric
    Complete: 0:00:00.237202
Getting DB_SESSIONS metric
    Complete: 0:00:00.156840
Payload successfully sent to InfluxDB server: 0:00:03.333914

mon360 execution complete: 0:00:05.251162

mon360 execution start at: 2020-08-18 20:45:21.635951

Getting CPU metric
    Complete: 0:00:00.000105
Getting MEM metric
    Complete: 0:00:00.000054
Getting LATENCY metric
    Complete: 0:00:00.232639
Getting DB_SESSIONS metric
    Complete: 0:00:00.181370
Payload successfully sent to InfluxDB server: 0:00:08.333875

mon360 execution complete: 0:00:10.713468

mon360 execution start at: 2020-08-18 20:46:02.350436

Getting CPU metric
    Complete: 0:00:00.000093
Getting MEM metric
    Complete: 0:00:00.000046
Getting LATENCY metric
    Complete: 0:00:00.232168
Getting DB_SESSIONS metric
    Complete: 0:00:00.153531
Payload successfully sent to InfluxDB server: 0:00:03.314848

mon360 execution complete: 0:00:05.495835

mon360 execution start at: 2020-08-18 20:46:37.859372

Getting CPU metric
    Complete: 0:00:00.000106
Getting MEM metric
    Complete: 0:00:00.000056
Getting LATENCY metric
    Complete: 0:00:00.227852
Getting DB_SESSIONS metric
    Complete: 0:00:00.153677
Payload successfully sent to InfluxDB server: 0:00:03.935300

mon360 execution complete: 0:00:05.842995

mon360 execution start at: 2020-08-18 20:47:13.710674

Getting CPU metric
    Complete: 0:00:00.000112
Getting MEM metric
    Complete: 0:00:00.000055
Getting LATENCY metric
    Complete: 0:00:00.227078
Getting DB_SESSIONS metric
    Complete: 0:00:00.151836[H[2J[H[2J[H[2J[H[2J[H[2J[H[2J[H[2J[H[2J[H[2J[H[2J[H[2J[H[2J[H[2J[H[2J[H[2J[H[2J[H[2J[H[2J[H[2J[H[2J[H[2J[H[2J
Payload successfully sent to InfluxDB server: 0:00:03.443192

mon360 execution complete: 0:00:05.731198

mon360 execution start at: 2020-08-18 20:47:49.437698

Getting CPU metric
    Complete: 0:00:00.000122
Getting MEM metric
    Complete: 0:00:00.000060
Getting LATENCY metric
    Complete: 0:00:00.226502
Getting DB_SESSIONS metric
    Complete: 0:00:00.154548
Payload successfully sent to InfluxDB server: 0:00:03.313511

mon360 execution complete: 0:00:05.680267

mon360 execution start at: 2020-08-18 20:48:25.125960

Getting CPU metric
    Complete: 0:00:00.000120
Getting MEM metric
    Complete: 0:00:00.000059
Getting LATENCY metric
    Complete: 0:00:00.244503
Getting DB_SESSIONS metric
    Complete: 0:00:00.157652
Payload successfully sent to InfluxDB server: 0:00:03.171189

mon360 execution complete: 0:00:05.115445

mon360 execution start at: 2020-08-18 20:49:00.245277

Getting CPU metric
    Complete: 0:00:00.000105
Getting MEM metric
    Complete: 0:00:00.000049
Getting LATENCY metric
    Complete: 0:00:00.229444
Getting DB_SESSIONS metric
    Complete: 0:00:00.159528
Payload successfully sent to InfluxDB server: 0:00:03.014636

mon360 execution complete: 0:00:04.955433

mon360 execution start at: 2020-08-18 20:49:35.212477

Getting CPU metric
    Complete: 0:00:00.000108
Getting MEM metric
    Complete: 0:00:00.000052
Getting LATENCY metric
    Complete: 0:00:00.224431
Getting DB_SESSIONS metric
    Complete: 0:00:00.157016
Payload successfully sent to InfluxDB server: 0:00:03.296148

mon360 execution complete: 0:00:05.707750

mon360 execution start at: 2020-08-18 20:50:10.924695

Getting CPU metric
    Complete: 0:00:00.000112
Getting MEM metric
    Complete: 0:00:00.000054
Getting LATENCY metric
    Complete: 0:00:00.231969
Getting DB_SESSIONS metric
    Complete: 0:00:00.157780
Payload successfully sent to InfluxDB server: 0:00:08.010182

mon360 execution complete: 0:00:10.242495

mon360 execution start at: 2020-08-18 20:50:51.169522

Getting CPU metric
    Complete: 0:00:00.000098
Getting MEM metric
    Complete: 0:00:00.000045
Getting LATENCY metric
    Complete: 0:00:00.237361
Getting DB_SESSIONS metric
    Complete: 0:00:00.155390
Payload successfully sent to InfluxDB server: 0:00:03.293294

mon360 execution complete: 0:00:05.384257

mon360 execution start at: 2020-08-18 20:51:26.563398

Getting CPU metric
    Complete: 0:00:00.000117
Getting MEM metric
    Complete: 0:00:00.000055
Getting LATENCY metric
    Complete: 0:00:00.221631
Getting DB_SESSIONS metric
    Complete: 0:00:00.154767
Payload successfully sent to InfluxDB server: 0:00:03.770358

mon360 execution complete: 0:00:06.035435

mon360 execution start at: 2020-08-18 20:52:02.607979

Getting CPU metric
    Complete: 0:00:00.000113
Getting MEM metric
    Complete: 0:00:00.000056
Getting LATENCY metric
    Complete: 0:00:00.233275
Getting DB_SESSIONS metric
    Complete: 0:00:00.156344
Payload successfully sent to InfluxDB server: 0:00:02.932675

mon360 execution complete: 0:00:05.277387

mon360 execution start at: 2020-08-18 20:52:37.885553

Getting CPU metric
    Complete: 0:00:00.000125
Getting MEM metric
    Complete: 0:00:00.000062
Getting LATENCY metric
    Complete: 0:00:00.235824
Getting DB_SESSIONS metric
    Complete: 0:00:00.181226
Payload successfully sent to InfluxDB server: 0:00:02.974316

mon360 execution complete: 0:00:05.098714

mon360 execution start at: 2020-08-18 20:53:12.991480

Getting CPU metric
    Complete: 0:00:00.000109
Getting MEM metric
    Complete: 0:00:00.000054
Getting LATENCY metric
    Complete: 0:00:00.261794
Getting DB_SESSIONS metric
    Complete: 0:00:00.154684
Payload successfully sent to InfluxDB server: 0:00:03.668076

mon360 execution complete: 0:00:05.675119

mon360 execution start at: 2020-08-18 20:53:48.671626

Getting CPU metric
    Complete: 0:00:00.000104
Getting MEM metric
    Complete: 0:00:00.000053
Getting LATENCY metric
    Complete: 0:00:00.215873
Getting DB_SESSIONS metric
    Complete: 0:00:00.155681
Payload successfully sent to InfluxDB server: 0:00:03.091327

mon360 execution complete: 0:00:05.097911

mon360 execution start at: 2020-08-18 20:54:23.780308

Getting CPU metric
    Complete: 0:00:00.000112
Getting MEM metric
    Complete: 0:00:00.000057
Getting LATENCY metric
    Complete: 0:00:00.217234
Getting DB_SESSIONS metric
    Complete: 0:00:00.149788
Payload successfully sent to InfluxDB server: 0:00:03.154770

mon360 execution complete: 0:00:05.360323

mon360 execution start at: 2020-08-18 20:54:59.147489

Getting CPU metric
    Complete: 0:00:00.000097
Getting MEM metric
    Complete: 0:00:00.000044
Getting LATENCY metric
    Complete: 0:00:00.226521
Getting DB_SESSIONS metric
    Complete: 0:00:00.154407
Payload successfully sent to InfluxDB server: 0:00:03.316079

mon360 execution complete: 0:00:05.134174

mon360 execution start at: 2020-08-18 20:55:34.282678

Getting CPU metric
    Complete: 0:00:00.000094
Getting MEM metric
    Complete: 0:00:00.000046
Getting LATENCY metric
    Complete: 0:00:00.235495
Getting DB_SESSIONS metric
    Complete: 0:00:00.152479
Payload successfully sent to InfluxDB server: 0:00:08.156512

mon360 execution complete: 0:00:10.100401

mon360 execution start at: 2020-08-18 20:56:14.394154

Getting CPU metric
    Complete: 0:00:00.000115
Getting MEM metric
    Complete: 0:00:00.000056
Getting LATENCY metric
    Complete: 0:00:00.218578
Getting DB_SESSIONS metric
    Complete: 0:00:00.154036
Payload successfully sent to InfluxDB server: 0:00:03.888945

mon360 execution complete: 0:00:05.839942

mon360 execution start at: 2020-08-18 20:56:50.244848

Getting CPU metric
    Complete: 0:00:00.000112
Getting MEM metric
    Complete: 0:00:00.000055
Getting LATENCY metric
    Complete: 0:00:00.217562
Getting DB_SESSIONS metric
    Complete: 0:00:00.158380
Payload successfully sent to InfluxDB server: 0:00:03.131360

mon360 execution complete: 0:00:05.186192

mon360 execution start at: 2020-08-18 20:57:25.427675

Getting CPU metric
    Complete: 0:00:00.000140
Getting MEM metric
    Complete: 0:00:00.000056
Getting LATENCY metric
    Complete: 0:00:00.220065
Getting DB_SESSIONS metric
    Complete: 0:00:00.158077
Payload successfully sent to InfluxDB server: 0:00:03.792036

mon360 execution complete: 0:00:05.869386

mon360 execution start at: 2020-08-18 20:58:01.298551

Getting CPU metric
    Complete: 0:00:00.000096
Getting MEM metric
    Complete: 0:00:00.000054
Getting LATENCY metric
    Complete: 0:00:00.218493
Getting DB_SESSIONS metric
    Complete: 0:00:00.152679
Payload successfully sent to InfluxDB server: 0:00:06.212484

mon360 execution complete: 0:00:11.750362

mon360 execution start at: 2020-08-18 20:58:43.048795

Getting CPU metric
    Complete: 0:00:00.000105
Getting MEM metric
    Complete: 0:00:00.000051
Getting LATENCY metric
    Complete: 0:00:00.220201
Getting DB_SESSIONS metric
    Complete: 0:00:00.150318
Payload successfully sent to InfluxDB server: 0:00:03.345945

mon360 execution complete: 0:00:05.436287

mon360 execution start at: 2020-08-18 20:59:18.490650

Getting CPU metric
    Complete: 0:00:00.000103
Getting MEM metric
    Complete: 0:00:00.000050
Getting LATENCY metric
    Complete: 0:00:00.364108
Getting DB_SESSIONS metric
    Complete: 0:00:00.158054
Payload successfully sent to InfluxDB server: 0:00:03.158799

mon360 execution complete: 0:00:05.565651

mon360 execution start at: 2020-08-18 20:59:54.061883

Getting CPU metric
    Complete: 0:00:00.000108
Getting MEM metric
    Complete: 0:00:00.000048
Getting LATENCY metric
    Complete: 0:00:00.236042
Getting DB_SESSIONS metric
    Complete: 0:00:00.153007
Payload successfully sent to InfluxDB server: 0:00:03.208965

mon360 execution complete: 0:00:05.474186

mon360 execution start at: 2020-08-18 21:00:29.547671

Getting CPU metric
    Complete: 0:00:00.000119
Getting MEM metric
    Complete: 0:00:00.000061
Getting LATENCY metric
    Complete: 0:00:00.223851
Getting DISK metric
    Complete: 0:00:00.000661
Getting DB_SESSIONS metric
    Complete: 0:00:00.150984
Getting DB_SIZE metric
    Complete: 0:00:03.047945
Getting DB_TBSSIZE metric
    Complete: 0:00:42.469319
Payload successfully sent to InfluxDB server: 0:00:03.731346[H[2J[H[2J[H[2J[H[2J[H[2J[H[2J[H[2J[H[2J[H[2J[H[2J[H[2J[H[2J[H[2J[H[2J[H[2J[H[2J[H[2J[H[2J[H[2J[H[2J[H[2J[H[2J[H[2J

mon360 execution complete: 0:00:51.056568

mon360 execution start at: 2020-08-18 21:01:50.607372

Getting CPU metric
    Complete: 0:00:00.000085
Getting MEM metric
    Complete: 0:00:00.000041
Getting LATENCY metric
    Complete: 0:00:00.235841
Getting DB_SESSIONS metric
    Complete: 0:00:00.183516
Payload successfully sent to InfluxDB server: 0:00:16.743052

mon360 execution complete: 0:00:20.437003

mon360 execution start at: 2020-08-18 21:02:41.042104

Getting CPU metric
    Complete: 0:00:00.000092
Getting MEM metric
    Complete: 0:00:00.000045
Getting LATENCY metric
    Complete: 0:00:00.220246
Getting DB_SESSIONS metric
    Complete: 0:00:00.249215
Payload successfully sent to InfluxDB server: 0:00:11.099260

mon360 execution complete: 0:00:20.192227

mon360 execution start at: 2020-08-18 21:03:31.243443

Getting CPU metric
    Complete: 0:00:00.000105
Getting MEM metric
    Complete: 0:00:00.000048
Getting LATENCY metric
    Complete: 0:00:00.237883
Getting DB_SESSIONS metric
    Complete: 0:00:00.202927
Payload successfully sent to InfluxDB server: 0:00:03.082072

mon360 execution complete: 0:00:06.468478

mon360 execution start at: 2020-08-18 21:04:07.720282

Getting CPU metric
    Complete: 0:00:00.000101
Getting MEM metric
    Complete: 0:00:00.000051
Getting LATENCY metric
    Complete: 0:00:00.237919
Getting DB_SESSIONS metric
    Complete: 0:00:00.158644
Payload successfully sent to InfluxDB server: 0:00:03.022453

mon360 execution complete: 0:00:05.124636

mon360 execution start at: 2020-08-18 21:04:42.850844

Getting CPU metric
    Complete: 0:00:00.000114
Getting MEM metric
    Complete: 0:00:00.000055
Getting LATENCY metric
    Complete: 0:00:00.225561
Getting DB_SESSIONS metric
    Complete: 0:00:00.154957
Payload successfully sent to InfluxDB server: 0:00:03.969377

mon360 execution complete: 0:00:05.806866

mon360 execution start at: 2020-08-18 21:05:18.660455

Getting CPU metric
    Complete: 0:00:00.000100
Getting MEM metric
    Complete: 0:00:00.000049
Getting LATENCY metric
    Complete: 0:00:00.225169
Getting DB_SESSIONS metric
    Complete: 0:00:00.155604
Payload successfully sent to InfluxDB server: 0:00:03.584950

mon360 execution complete: 0:00:05.658728

mon360 execution start at: 2020-08-18 21:05:54.318780

Getting CPU metric
    Complete: 0:00:00.000099
Getting MEM metric
    Complete: 0:00:00.000045
Getting LATENCY metric
    Complete: 0:00:00.232755
Getting DB_SESSIONS metric
    Complete: 0:00:00.148515
Payload successfully sent to InfluxDB server: 0:00:03.319227

mon360 execution complete: 0:00:06.382175

mon360 execution start at: 2020-08-18 21:06:30.704767

Getting CPU metric
    Complete: 0:00:00.000101
Getting MEM metric
    Complete: 0:00:00.000049
Getting LATENCY metric
    Complete: 0:00:00.225811
Getting DB_SESSIONS metric
    Complete: 0:00:00.154644
Payload successfully sent to InfluxDB server: 0:00:03.289613

mon360 execution complete: 0:00:05.524733

mon360 execution start at: 2020-08-18 21:07:06.241477

Getting CPU metric
    Complete: 0:00:00.000114
Getting MEM metric
    Complete: 0:00:00.000055
Getting LATENCY metric
    Complete: 0:00:00.275730
Getting DB_SESSIONS metric
    Complete: 0:00:00.180113
Payload successfully sent to InfluxDB server: 0:00:03.072184

mon360 execution complete: 0:00:05.603269

mon360 execution start at: 2020-08-18 21:07:41.848701

Getting CPU metric
    Complete: 0:00:00.000103
Getting MEM metric
    Complete: 0:00:00.000050
Getting LATENCY metric
    Complete: 0:00:00.223413
Getting DB_SESSIONS metric
    Complete: 0:00:00.155011
Payload successfully sent to InfluxDB server: 0:00:03.136060

mon360 execution complete: 0:00:05.763169

mon360 execution start at: 2020-08-18 21:08:17.618143

Getting CPU metric
    Complete: 0:00:00.000111
Getting MEM metric
    Complete: 0:00:00.000054
Getting LATENCY metric
    Complete: 0:00:00.240198
Getting DB_SESSIONS metric
    Complete: 0:00:00.162076
Payload successfully sent to InfluxDB server: 0:00:03.586785

mon360 execution complete: 0:00:05.723484

mon360 execution start at: 2020-08-18 21:08:53.341210

Getting CPU metric
    Complete: 0:00:00.000121
Getting MEM metric
    Complete: 0:00:00.000063
Getting LATENCY metric
    Complete: 0:00:00.218223
Getting DB_SESSIONS metric
    Complete: 0:00:00.152729
Payload successfully sent to InfluxDB server: 0:00:02.978549

mon360 execution complete: 0:00:05.824652

mon360 execution start at: 2020-08-18 21:09:29.166031

Getting CPU metric
    Complete: 0:00:00.000099
Getting MEM metric
    Complete: 0:00:00.000046
Getting LATENCY metric
    Complete: 0:00:00.222380
Getting DB_SESSIONS metric
    Complete: 0:00:00.150279
Payload successfully sent to InfluxDB server: 0:00:03.502043

mon360 execution complete: 0:00:05.774761

mon360 execution start at: 2020-08-18 21:10:04.948648

Getting CPU metric
    Complete: 0:00:00.000111
Getting MEM metric
    Complete: 0:00:00.000056
Getting LATENCY metric
    Complete: 0:00:00.224176
Getting DB_SESSIONS metric
    Complete: 0:00:00.212135
Payload successfully sent to InfluxDB server: 0:00:03.126475

mon360 execution complete: 0:00:06.095397

mon360 execution start at: 2020-08-18 21:10:41.045087

Getting CPU metric
    Complete: 0:00:00.000112
Getting MEM metric
    Complete: 0:00:00.000055
Getting LATENCY metric
    Complete: 0:00:00.241394
Getting DB_SESSIONS metric
    Complete: 0:00:00.154528
Payload successfully sent to InfluxDB server: 0:00:03.073680

mon360 execution complete: 0:00:04.924411

mon360 execution start at: 2020-08-18 21:11:15.976693

Getting CPU metric
    Complete: 0:00:00.000118
Getting MEM metric
    Complete: 0:00:00.000061
Getting LATENCY metric
    Complete: 0:00:00.233609
Getting DB_SESSIONS metric
    Complete: 0:00:00.324276
Payload successfully sent to InfluxDB server: 0:00:02.916723

mon360 execution complete: 0:00:05.108472

mon360 execution start at: 2020-08-18 21:11:51.086158

Getting CPU metric
    Complete: 0:00:00.000129
Getting MEM metric
    Complete: 0:00:00.000058
Getting LATENCY metric
    Complete: 0:00:00.225405
Getting DB_SESSIONS metric
    Complete: 0:00:00.156468
Payload successfully sent to InfluxDB server: 0:00:03.220976

mon360 execution complete: 0:00:05.272805

mon360 execution start at: 2020-08-18 21:12:26.364676

Getting CPU metric
    Complete: 0:00:00.000111
Getting MEM metric
    Complete: 0:00:00.000057
Getting LATENCY metric
    Complete: 0:00:00.224224
Getting DB_SESSIONS metric
    Complete: 0:00:00.151801
Payload successfully sent to InfluxDB server: 0:00:03.130134

mon360 execution complete: 0:00:05.429674

mon360 execution start at: 2020-08-18 21:13:01.796770

Getting CPU metric
    Complete: 0:00:00.000100
Getting MEM metric
    Complete: 0:00:00.000048
Getting LATENCY metric
    Complete: 0:00:00.357940
Getting DB_SESSIONS metric
    Complete: 0:00:00.156087
Payload successfully sent to InfluxDB server: 0:00:03.171183

mon360 execution complete: 0:00:05.270702

mon360 execution start at: 2020-08-18 21:13:37.069556

Getting CPU metric
    Complete: 0:00:00.000096
Getting MEM metric
    Complete: 0:00:00.000048
Getting LATENCY metric
    Complete: 0:00:00.220829
Getting DB_SESSIONS metric
    Complete: 0:00:00.152291
Payload successfully sent to InfluxDB server: 0:00:02.770122

mon360 execution complete: 0:00:04.818327

mon360 execution start at: 2020-08-18 21:14:11.896573

Getting CPU metric
    Complete: 0:00:00.000114
Getting MEM metric
    Complete: 0:00:00.000055
Getting LATENCY metric
    Complete: 0:00:00.215809
Getting DB_SESSIONS metric
    Complete: 0:00:00.153972
Payload successfully sent to InfluxDB server: 0:00:03.120718

mon360 execution complete: 0:00:05.365925

mon360 execution start at: 2020-08-18 21:14:47.272954

Getting CPU metric
    Complete: 0:00:00.000108
Getting MEM metric
    Complete: 0:00:00.000057
Getting LATENCY metric
    Complete: 0:00:00.260831
Getting DB_SESSIONS metric
    Complete: 0:00:00.154285
Payload successfully sent to InfluxDB server: 0:00:03.463957

mon360 execution complete: 0:00:05.384174

mon360 execution start at: 2020-08-18 21:15:22.662913

Getting CPU metric
    Complete: 0:00:00.000125
Getting MEM metric
    Complete: 0:00:00.000065[H[2J[H[2J[H[2J[H[2J[H[2J[H[2J[H[2J[H[2J[H[2J[H[2J[H[2J[H[2J[H[2J[H[2J[H[2J[H[2J[H[2J[H[2J[H[2J[H[2J[H[2J[H[2J
Getting LATENCY metric
    Complete: 0:00:00.263116
Getting DB_SESSIONS metric
    Complete: 0:00:00.373646
Payload successfully sent to InfluxDB server: 0:00:03.412733

mon360 execution complete: 0:00:05.499206

mon360 execution start at: 2020-08-18 21:15:58.171106

Getting CPU metric
    Complete: 0:00:00.000110
Getting MEM metric
    Complete: 0:00:00.000052
Getting LATENCY metric
    Complete: 0:00:00.229124
Getting DB_SESSIONS metric
    Complete: 0:00:00.153489
Payload successfully sent to InfluxDB server: 0:00:03.633380

mon360 execution complete: 0:00:05.702055

mon360 execution start at: 2020-08-18 21:16:33.878579

Getting CPU metric
    Complete: 0:00:00.000105
Getting MEM metric
    Complete: 0:00:00.000051
Getting LATENCY metric
    Complete: 0:00:00.241119
Getting DB_SESSIONS metric
    Complete: 0:00:00.153869
Payload successfully sent to InfluxDB server: 0:00:03.223393

mon360 execution complete: 0:00:05.217947

mon360 execution start at: 2020-08-18 21:17:09.103470

Getting CPU metric
    Complete: 0:00:00.000095
Getting MEM metric
    Complete: 0:00:00.000048
Getting LATENCY metric
    Complete: 0:00:00.231374
Getting DB_SESSIONS metric
    Complete: 0:00:00.155421
Payload successfully sent to InfluxDB server: 0:00:03.248300

mon360 execution complete: 0:00:05.219105

mon360 execution start at: 2020-08-18 21:17:44.324619

Getting CPU metric
    Complete: 0:00:00.000125
Getting MEM metric
    Complete: 0:00:00.000062
Getting LATENCY metric
    Complete: 0:00:00.237490
Getting DB_SESSIONS metric
    Complete: 0:00:00.156039
Payload successfully sent to InfluxDB server: 0:00:03.362929

mon360 execution complete: 0:00:05.224965

mon360 execution start at: 2020-08-18 21:18:19.549615

Getting CPU metric
    Complete: 0:00:00.000122
Getting MEM metric
    Complete: 0:00:00.000054
Getting LATENCY metric
    Complete: 0:00:00.230315
Getting DB_SESSIONS metric
    Complete: 0:00:00.233269
Payload successfully sent to InfluxDB server: 0:00:03.265402

mon360 execution complete: 0:00:05.412193

mon360 execution start at: 2020-08-18 21:18:54.967960

Getting CPU metric
    Complete: 0:00:00.000108
Getting MEM metric
    Complete: 0:00:00.000041
Getting LATENCY metric
    Complete: 0:00:00.219060
Getting DB_SESSIONS metric
    Complete: 0:00:00.156725
Payload successfully sent to InfluxDB server: 0:00:04.227595

mon360 execution complete: 0:00:06.311111

mon360 execution start at: 2020-08-18 21:19:31.284696

Getting CPU metric
    Complete: 0:00:00.000117
Getting MEM metric
    Complete: 0:00:00.000065
Getting LATENCY metric
    Complete: 0:00:00.230585
Getting DB_SESSIONS metric
    Complete: 0:00:00.156868
Payload successfully sent to InfluxDB server: 0:00:03.889501

mon360 execution complete: 0:00:06.247079

mon360 execution start at: 2020-08-18 21:20:07.535166

Getting CPU metric
    Complete: 0:00:00.000115
Getting MEM metric
    Complete: 0:00:00.000059
Getting LATENCY metric
    Complete: 0:00:00.247601
Getting DB_SESSIONS metric
    Complete: 0:00:00.157120
Payload successfully sent to InfluxDB server: 0:00:03.372939

mon360 execution complete: 0:00:05.484919

mon360 execution start at: 2020-08-18 21:20:43.026427

Getting CPU metric
    Complete: 0:00:00.000101
Getting MEM metric
    Complete: 0:00:00.000050
Getting LATENCY metric
    Complete: 0:00:00.220375
Getting DB_SESSIONS metric
    Complete: 0:00:00.250434
Payload successfully sent to InfluxDB server: 0:00:03.123526

mon360 execution complete: 0:00:05.061000

mon360 execution start at: 2020-08-18 21:21:18.090764

Getting CPU metric
    Complete: 0:00:00.000126
Getting MEM metric
    Complete: 0:00:00.000063
Getting LATENCY metric
    Complete: 0:00:00.229274
Getting DB_SESSIONS metric
    Complete: 0:00:00.187747
Payload successfully sent to InfluxDB server: 0:00:03.282624

mon360 execution complete: 0:00:05.986118

mon360 execution start at: 2020-08-18 21:21:54.077273

Getting CPU metric
    Complete: 0:00:00.000101
Getting MEM metric
    Complete: 0:00:00.000049
Getting LATENCY metric
    Complete: 0:00:00.239362
Getting DB_SESSIONS metric
    Complete: 0:00:00.150914
Payload successfully sent to InfluxDB server: 0:00:03.166352

mon360 execution complete: 0:00:05.017944

mon360 execution start at: 2020-08-18 21:22:29.105787

Getting CPU metric
    Complete: 0:00:00.000124
Getting MEM metric
    Complete: 0:00:00.000064
Getting LATENCY metric
    Complete: 0:00:00.755212
Getting DB_SESSIONS metric
    Complete: 0:00:00.182405
Payload successfully sent to InfluxDB server: 0:00:03.334246

mon360 execution complete: 0:00:05.685365

mon360 execution start at: 2020-08-18 21:23:04.792066

Getting CPU metric
    Complete: 0:00:00.000111
Getting MEM metric
    Complete: 0:00:00.000057
Getting LATENCY metric
    Complete: 0:00:00.222947
Getting DB_SESSIONS metric
    Complete: 0:00:00.154252
Payload successfully sent to InfluxDB server: 0:00:03.178610

mon360 execution complete: 0:00:05.311204

mon360 execution start at: 2020-08-18 21:23:40.107043

Getting CPU metric
    Complete: 0:00:00.000114
Getting MEM metric
    Complete: 0:00:00.000067
Getting LATENCY metric
    Complete: 0:00:00.230773
Getting DB_SESSIONS metric
    Complete: 0:00:00.318572
Payload successfully sent to InfluxDB server: 0:00:03.278797

mon360 execution complete: 0:00:05.490934

mon360 execution start at: 2020-08-18 21:24:15.598164

Getting CPU metric
    Complete: 0:00:00.000096
Getting MEM metric
    Complete: 0:00:00.000046
Getting LATENCY metric
    Complete: 0:00:00.249145
Getting DB_SESSIONS metric
    Complete: 0:00:00.153560
Payload successfully sent to InfluxDB server: 0:00:04.244855

mon360 execution complete: 0:00:06.247463

mon360 execution start at: 2020-08-18 21:24:51.847461

Getting CPU metric
    Complete: 0:00:00.000113
Getting MEM metric
    Complete: 0:00:00.000055
Getting LATENCY metric
    Complete: 0:00:00.237922
Getting DB_SESSIONS metric
    Complete: 0:00:00.150353
Payload successfully sent to InfluxDB server: 0:00:03.573372

mon360 execution complete: 0:00:05.666434

mon360 execution start at: 2020-08-18 21:25:27.516368

Getting CPU metric
    Complete: 0:00:00.000125
Getting MEM metric
    Complete: 0:00:00.000066
Getting LATENCY metric
    Complete: 0:00:00.766689
Getting DB_SESSIONS metric
    Complete: 0:00:00.154184
Payload successfully sent to InfluxDB server: 0:00:03.135418

mon360 execution complete: 0:00:05.951996

mon360 execution start at: 2020-08-18 21:26:03.476102

Getting CPU metric
    Complete: 0:00:00.000114
Getting MEM metric
    Complete: 0:00:00.000056
Getting LATENCY metric
    Complete: 0:00:00.223210
Getting DB_SESSIONS metric
    Complete: 0:00:00.157365
Payload successfully sent to InfluxDB server: 0:00:02.872356

mon360 execution complete: 0:00:04.929318

mon360 execution start at: 2020-08-18 21:26:38.405344

Getting CPU metric
    Complete: 0:00:00.000111
Getting MEM metric
    Complete: 0:00:00.000056
Getting LATENCY metric
    Complete: 0:00:00.222211
Getting DB_SESSIONS metric
    Complete: 0:00:00.149729
Payload successfully sent to InfluxDB server: 0:00:03.002309

mon360 execution complete: 0:00:04.840736

mon360 execution start at: 2020-08-18 21:27:13.251460

Getting CPU metric
    Complete: 0:00:00.000100
Getting MEM metric
    Complete: 0:00:00.000047
Getting LATENCY metric
    Complete: 0:00:00.245922
Getting DB_SESSIONS metric
    Complete: 0:00:00.153051
Payload successfully sent to InfluxDB server: 0:00:02.841586

mon360 execution complete: 0:00:05.072797

mon360 execution start at: 2020-08-18 21:27:48.332586

Getting CPU metric
    Complete: 0:00:00.000102
Getting MEM metric
    Complete: 0:00:00.000053
Getting LATENCY metric
    Complete: 0:00:00.226980
Getting DB_SESSIONS metric
    Complete: 0:00:00.154804
Payload successfully sent to InfluxDB server: 0:00:03.054772

mon360 execution complete: 0:00:04.920744

mon360 execution start at: 2020-08-18 21:28:23.262995

Getting CPU metric
    Complete: 0:00:00.000116
Getting MEM metric
    Complete: 0:00:00.000057
Getting LATENCY metric
    Complete: 0:00:00.328054
Getting DB_SESSIONS metric
    Complete: 0:00:00.154046
Payload successfully sent to InfluxDB server: 0:00:04.083574

mon360 execution complete: 0:00:06.158906[H[2J[H[2J[H[2J[H[2J[H[2J[H[2J[H[2J[H[2J[H[2J[H[2J[H[2J[H[2J[H[2J[H[2J[H[2J[H[2J[H[2J[H[2J[H[2J[H[2J[H[2J

mon360 execution start at: 2020-08-18 21:28:59.432421

Getting CPU metric
    Complete: 0:00:00.000111
Getting MEM metric
    Complete: 0:00:00.000056
Getting LATENCY metric
    Complete: 0:00:00.230812
Getting DB_SESSIONS metric
    Complete: 0:00:00.158265
Payload successfully sent to InfluxDB server: 0:00:03.045888

mon360 execution complete: 0:00:05.050276

mon360 execution start at: 2020-08-18 21:29:34.481537

Getting CPU metric
    Complete: 0:00:00.000127
Getting MEM metric
    Complete: 0:00:00.000063
Getting LATENCY metric
    Complete: 0:00:00.232593
Getting DB_SESSIONS metric
    Complete: 0:00:00.149021
Payload successfully sent to InfluxDB server: 0:00:03.786411

mon360 execution complete: 0:00:05.928105

mon360 execution start at: 2020-08-18 21:30:10.417903

Getting CPU metric
    Complete: 0:00:00.000121
Getting MEM metric
    Complete: 0:00:00.000062
Getting LATENCY metric
    Complete: 0:00:00.235239
Getting DISK metric
    Complete: 0:00:00.000672
Getting DB_SESSIONS metric
    Complete: 0:00:00.155273
Getting DB_SIZE metric
    Complete: 0:00:01.688375
Getting DB_TBSSIZE metric
    Complete: 0:00:44.593371
Payload successfully sent to InfluxDB server: 0:00:03.319927

mon360 execution complete: 0:00:52.119972

mon360 execution start at: 2020-08-18 21:31:32.539742

Getting CPU metric
    Complete: 0:00:00.000096
Getting MEM metric
    Complete: 0:00:00.000050
Getting LATENCY metric
    Complete: 0:00:00.241239
Getting DB_SESSIONS metric
    Complete: 0:00:00.350519
Payload successfully sent to InfluxDB server: 0:00:15.336235

mon360 execution complete: 0:00:25.125841

mon360 execution start at: 2020-08-18 21:32:27.664194

Getting CPU metric
    Complete: 0:00:00.000111
Getting MEM metric
    Complete: 0:00:00.000056
Getting LATENCY metric
    Complete: 0:00:00.245569
Getting DB_SESSIONS metric
    Complete: 0:00:00.167216
Payload successfully sent to InfluxDB server: 0:00:06.053578

mon360 execution complete: 0:00:12.704566

mon360 execution start at: 2020-08-18 21:33:10.382250

Getting CPU metric
    Complete: 0:00:00.000142
Getting MEM metric
    Complete: 0:00:00.000074
Getting LATENCY metric
    Complete: 0:00:00.232621
Getting DB_SESSIONS metric
    Complete: 0:00:00.151678
Payload successfully sent to InfluxDB server: 0:00:02.827342

mon360 execution complete: 0:00:05.080014

mon360 execution start at: 2020-08-18 21:33:45.466603

Getting CPU metric
    Complete: 0:00:00.000109
Getting MEM metric
    Complete: 0:00:00.000057
Getting LATENCY metric
    Complete: 0:00:00.744566
Getting DB_SESSIONS metric
    Complete: 0:00:00.153611
Payload successfully sent to InfluxDB server: 0:00:03.013074

mon360 execution complete: 0:00:05.827270

mon360 execution start at: 2020-08-18 21:34:21.293318

Getting CPU metric
    Complete: 0:00:00.000106
Getting MEM metric
    Complete: 0:00:00.000052
Getting LATENCY metric
    Complete: 0:00:00.223596
Getting DB_SESSIONS metric
    Complete: 0:00:00.160107
Payload successfully sent to InfluxDB server: 0:00:03.295945

mon360 execution complete: 0:00:05.895904

mon360 execution start at: 2020-08-18 21:34:57.202004

Getting CPU metric
    Complete: 0:00:00.000129
Getting MEM metric
    Complete: 0:00:00.000058
Getting LATENCY metric
    Complete: 0:00:00.301706
Getting DB_SESSIONS metric
    Complete: 0:00:00.150388
Payload successfully sent to InfluxDB server: 0:00:03.336848

mon360 execution complete: 0:00:05.375038

mon360 execution start at: 2020-08-18 21:35:32.582456

Getting CPU metric
    Complete: 0:00:00.000114
Getting MEM metric
    Complete: 0:00:00.000055
Getting LATENCY metric
    Complete: 0:00:00.237844
Getting DB_SESSIONS metric
    Complete: 0:00:00.162332
Payload successfully sent to InfluxDB server: 0:00:02.919226

mon360 execution complete: 0:00:05.205216

mon360 execution start at: 2020-08-18 21:36:07.793663

Getting CPU metric
    Complete: 0:00:00.000126
Getting MEM metric
    Complete: 0:00:00.000063
Getting LATENCY metric
    Complete: 0:00:00.252754
Getting DB_SESSIONS metric
    Complete: 0:00:00.158022
Payload successfully sent to InfluxDB server: 0:00:02.866625

mon360 execution complete: 0:00:04.871377

mon360 execution start at: 2020-08-18 21:36:42.672470

Getting CPU metric
    Complete: 0:00:00.000112
Getting MEM metric
    Complete: 0:00:00.000055
Getting LATENCY metric
    Complete: 0:00:00.221706
Getting DB_SESSIONS metric
    Complete: 0:00:00.151322
Payload successfully sent to InfluxDB server: 0:00:02.922563

mon360 execution complete: 0:00:05.121894

mon360 execution start at: 2020-08-18 21:37:17.803514

Getting CPU metric
    Complete: 0:00:00.000126
Getting MEM metric
    Complete: 0:00:00.000061
Getting LATENCY metric
    Complete: 0:00:00.225659
Getting DB_SESSIONS metric
    Complete: 0:00:00.153825
Payload successfully sent to InfluxDB server: 0:00:03.348739

mon360 execution complete: 0:00:05.808738

mon360 execution start at: 2020-08-18 21:37:53.615296

Getting CPU metric
    Complete: 0:00:00.000124
Getting MEM metric
    Complete: 0:00:00.000062
Getting LATENCY metric
    Complete: 0:00:00.233712
Getting DB_SESSIONS metric
    Complete: 0:00:00.153349
Payload successfully sent to InfluxDB server: 0:00:02.965853

mon360 execution complete: 0:00:05.341565

mon360 execution start at: 2020-08-18 21:38:28.961626

Getting CPU metric
    Complete: 0:00:00.000112
Getting MEM metric
    Complete: 0:00:00.000047
Getting LATENCY metric
    Complete: 0:00:00.247661
Getting DB_SESSIONS metric
    Complete: 0:00:00.152744
Payload successfully sent to InfluxDB server: 0:00:03.566261

mon360 execution complete: 0:00:05.786066

mon360 execution start at: 2020-08-18 21:39:04.751666

Getting CPU metric
    Complete: 0:00:00.000090
Getting MEM metric
    Complete: 0:00:00.000036
Getting LATENCY metric
    Complete: 0:00:00.217935
Getting DB_SESSIONS metric
    Complete: 0:00:00.158436
Payload successfully sent to InfluxDB server: 0:00:02.988411

mon360 execution complete: 0:00:04.956094

mon360 execution start at: 2020-08-18 21:39:39.711743

Getting CPU metric
    Complete: 0:00:00.000124
Getting MEM metric
    Complete: 0:00:00.000063
Getting LATENCY metric
    Complete: 0:00:00.229793
Getting DB_SESSIONS metric
    Complete: 0:00:00.161135
Payload successfully sent to InfluxDB server: 0:00:03.450449

mon360 execution complete: 0:00:05.494208

mon360 execution start at: 2020-08-18 21:40:15.202604

Getting CPU metric
    Complete: 0:00:00.000099
Getting MEM metric
    Complete: 0:00:00.000047
Getting LATENCY metric
    Complete: 0:00:00.225546
Getting DB_SESSIONS metric
    Complete: 0:00:00.185734
Payload successfully sent to InfluxDB server: 0:00:03.357556

mon360 execution complete: 0:00:05.680654

mon360 execution start at: 2020-08-18 21:40:50.889409

Getting CPU metric
    Complete: 0:00:00.000122
Getting MEM metric
    Complete: 0:00:00.000062
Getting LATENCY metric
    Complete: 0:00:00.287976
Getting DB_SESSIONS metric
    Complete: 0:00:00.154437
Payload successfully sent to InfluxDB server: 0:00:03.056173

mon360 execution complete: 0:00:05.103982

mon360 execution start at: 2020-08-18 21:41:25.993600

Getting CPU metric
    Complete: 0:00:00.000110
Getting MEM metric
    Complete: 0:00:00.000048
Getting LATENCY metric
    Complete: 0:00:00.238718
Getting DB_SESSIONS metric
    Complete: 0:00:00.163984
Payload successfully sent to InfluxDB server: 0:00:03.178021

mon360 execution complete: 0:00:05.344050

mon360 execution start at: 2020-08-18 21:42:01.350232

Getting CPU metric
    Complete: 0:00:00.000112
Getting MEM metric
    Complete: 0:00:00.000056
Getting LATENCY metric
Traceback (most recent call last):
  File "./mon360.py", line 185, in <module>
    main()
  File "./mon360.py", line 166, in main
    os_metrics.main(v_OutputFile, v_runtime)
  File "/Users/r.rezende/Documents/AccentureEnkitecGroup/Tools/mon360/mon360_os_metrics.py", line 56, in main
    get_latency(v_OutputFile)
  File "/Users/r.rezende/Documents/AccentureEnkitecGroup/Tools/mon360/mon360_os_metrics.py", line 44, in get_latency
    stream = os.popen(cmd)
  File "/Library/Frameworks/Python.framework/Versions/3.7/lib/python3.7/os.py", line 989, in popen
    bufsize=buffering)
  File "/Library/Frameworks/Python.framework/Versions/3.7/lib/python3.7/subprocess.py", line 756, in __init__
    restore_signals, start_new_session)
  File "/Library/Frameworks/Python.framework/Versions/3.7/lib/python3.7/subprocess.py", line 1389, in _execute_child
    errpipe_read, errpipe_write = os.pipe()
OSError: [Errno 24] Too many open files
